2014-07-01 17:50:28,204 INFO [org.hibernate.validator.util.Version] - Hibernate Validator 4.2.0.Final
2014-07-01 17:50:29,477 INFO [org.jasig.cas.services.DefaultServicesManagerImpl] - Loaded 1 services.
2014-07-01 17:50:29,477 INFO [org.jasig.cas.services.DefaultServicesManagerImpl] - Loaded 1 services.
2014-07-01 17:50:29,776 INFO [org.quartz.core.SchedulerSignalerImpl] - Initialized Scheduler Signaller of type: class org.quartz.core.SchedulerSignalerImpl
2014-07-01 17:50:29,776 INFO [org.quartz.core.QuartzScheduler] - Quartz Scheduler v.1.6.1 created.
2014-07-01 17:50:29,777 INFO [org.quartz.simpl.RAMJobStore] - RAMJobStore initialized.
2014-07-01 17:50:29,777 INFO [org.quartz.impl.StdSchedulerFactory] - Quartz scheduler 'scheduler' initialized from an externally provided properties instance.
2014-07-01 17:50:29,777 INFO [org.quartz.impl.StdSchedulerFactory] - Quartz scheduler version: 1.6.1
2014-07-01 17:50:29,778 INFO [org.quartz.core.QuartzScheduler] - JobFactory set to: org.springframework.scheduling.quartz.AdaptableJobFactory@7b8928ab
2014-07-01 17:50:30,250 INFO [org.jasig.cas.util.AutowiringSchedulerFactoryBean] - Starting Quartz Scheduler now
2014-07-01 17:50:30,250 INFO [org.jasig.cas.util.AutowiringSchedulerFactoryBean] - Starting Quartz Scheduler now
2014-07-01 17:50:30,250 INFO [org.quartz.core.QuartzScheduler] - Scheduler scheduler_$_NON_CLUSTERED started.
2014-07-01 17:50:49,239 INFO [org.jasig.cas.ticket.registry.support.DefaultTicketRegistryCleaner] - Beginning ticket cleanup.
2014-07-01 17:50:49,239 INFO [org.jasig.cas.ticket.registry.support.DefaultTicketRegistryCleaner] - Beginning ticket cleanup.
2014-07-01 17:50:49,242 INFO [org.jasig.cas.ticket.registry.support.DefaultTicketRegistryCleaner] - 0 tickets found to be removed.
2014-07-01 17:50:49,242 INFO [org.jasig.cas.ticket.registry.support.DefaultTicketRegistryCleaner] - 0 tickets found to be removed.
2014-07-01 17:50:49,242 INFO [org.jasig.cas.ticket.registry.support.DefaultTicketRegistryCleaner] - Finished ticket cleanup.
2014-07-01 17:50:49,242 INFO [org.jasig.cas.ticket.registry.support.DefaultTicketRegistryCleaner] - Finished ticket cleanup.
2014-07-01 17:52:29,519 INFO [org.jasig.cas.services.DefaultServicesManagerImpl] - Reloading registered services.
2014-07-01 17:52:29,519 INFO [org.jasig.cas.services.DefaultServicesManagerImpl] - Reloading registered services.
2014-07-01 17:52:29,520 INFO [org.jasig.cas.services.DefaultServicesManagerImpl] - Loaded 1 services.
2014-07-01 17:52:29,520 INFO [org.jasig.cas.services.DefaultServicesManagerImpl] - Loaded 1 services.
2014-07-01 17:54:29,502 INFO [org.jasig.cas.services.DefaultServicesManagerImpl] - Reloading registered services.
2014-07-01 17:54:29,502 INFO [org.jasig.cas.services.DefaultServicesManagerImpl] - Reloading registered services.
2014-07-01 17:54:29,502 INFO [org.jasig.cas.services.DefaultServicesManagerImpl] - Loaded 1 services.
2014-07-01 17:54:29,502 INFO [org.jasig.cas.services.DefaultServicesManagerImpl] - Loaded 1 services.
2014-07-01 17:55:22,098 INFO [org.quartz.core.QuartzScheduler] - Scheduler scheduler_$_NON_CLUSTERED paused.
2014-07-01 17:55:22,107 INFO [org.jasig.cas.util.AutowiringSchedulerFactoryBean] - Shutting down Quartz Scheduler
2014-07-01 17:55:22,107 INFO [org.jasig.cas.util.AutowiringSchedulerFactoryBean] - Shutting down Quartz Scheduler
2014-07-01 17:55:22,108 INFO [org.quartz.core.QuartzScheduler] - Scheduler scheduler_$_NON_CLUSTERED shutting down.
2014-07-01 17:55:22,108 INFO [org.quartz.core.QuartzScheduler] - Scheduler scheduler_$_NON_CLUSTERED paused.
2014-07-01 17:55:22,108 INFO [org.quartz.core.QuartzScheduler] - Scheduler scheduler_$_NON_CLUSTERED shutdown complete.
2014-07-22 14:04:56,615 INFO [org.hibernate.validator.util.Version] - Hibernate Validator 4.2.0.Final
2014-07-22 14:04:58,144 INFO [org.jasig.cas.services.DefaultServicesManagerImpl] - Loaded 1 services.
2014-07-22 14:04:58,144 INFO [org.jasig.cas.services.DefaultServicesManagerImpl] - Loaded 1 services.
2014-07-22 14:04:58,495 INFO [org.quartz.core.SchedulerSignalerImpl] - Initialized Scheduler Signaller of type: class org.quartz.core.SchedulerSignalerImpl
2014-07-22 14:04:58,495 INFO [org.quartz.core.QuartzScheduler] - Quartz Scheduler v.1.6.1 created.
2014-07-22 14:04:58,496 INFO [org.quartz.simpl.RAMJobStore] - RAMJobStore initialized.
2014-07-22 14:04:58,496 INFO [org.quartz.impl.StdSchedulerFactory] - Quartz scheduler 'scheduler' initialized from an externally provided properties instance.
2014-07-22 14:04:58,496 INFO [org.quartz.impl.StdSchedulerFactory] - Quartz scheduler version: 1.6.1
2014-07-22 14:04:58,498 INFO [org.quartz.core.QuartzScheduler] - JobFactory set to: org.springframework.scheduling.quartz.AdaptableJobFactory@36f45dc3
2014-07-22 14:04:59,061 INFO [org.jasig.cas.util.AutowiringSchedulerFactoryBean] - Starting Quartz Scheduler now
2014-07-22 14:04:59,061 INFO [org.jasig.cas.util.AutowiringSchedulerFactoryBean] - Starting Quartz Scheduler now
2014-07-22 14:04:59,061 INFO [org.quartz.core.QuartzScheduler] - Scheduler scheduler_$_NON_CLUSTERED started.
2014-07-22 14:05:17,842 INFO [org.jasig.cas.ticket.registry.support.DefaultTicketRegistryCleaner] - Beginning ticket cleanup.
2014-07-22 14:05:17,842 INFO [org.jasig.cas.ticket.registry.support.DefaultTicketRegistryCleaner] - Beginning ticket cleanup.
2014-07-22 14:05:17,845 INFO [org.jasig.cas.ticket.registry.support.DefaultTicketRegistryCleaner] - 0 tickets found to be removed.
2014-07-22 14:05:17,845 INFO [org.jasig.cas.ticket.registry.support.DefaultTicketRegistryCleaner] - 0 tickets found to be removed.
2014-07-22 14:05:17,845 INFO [org.jasig.cas.ticket.registry.support.DefaultTicketRegistryCleaner] - Finished ticket cleanup.
2014-07-22 14:05:17,845 INFO [org.jasig.cas.ticket.registry.support.DefaultTicketRegistryCleaner] - Finished ticket cleanup.
2014-07-22 14:06:58,188 INFO [org.jasig.cas.services.DefaultServicesManagerImpl] - Reloading registered services.
2014-07-22 14:06:58,188 INFO [org.jasig.cas.services.DefaultServicesManagerImpl] - Reloading registered services.
2014-07-22 14:06:58,188 INFO [org.jasig.cas.services.DefaultServicesManagerImpl] - Loaded 1 services.
2014-07-22 14:06:58,188 INFO [org.jasig.cas.services.DefaultServicesManagerImpl] - Loaded 1 services.
2014-07-22 14:07:12,947 INFO [org.quartz.core.QuartzScheduler] - Scheduler scheduler_$_NON_CLUSTERED paused.
2014-07-22 14:07:12,957 INFO [org.jasig.cas.util.AutowiringSchedulerFactoryBean] - Shutting down Quartz Scheduler
2014-07-22 14:07:12,957 INFO [org.jasig.cas.util.AutowiringSchedulerFactoryBean] - Shutting down Quartz Scheduler
2014-07-22 14:07:12,957 INFO [org.quartz.core.QuartzScheduler] - Scheduler scheduler_$_NON_CLUSTERED shutting down.
2014-07-22 14:07:12,958 INFO [org.quartz.core.QuartzScheduler] - Scheduler scheduler_$_NON_CLUSTERED paused.
2014-07-22 14:07:12,958 INFO [org.quartz.core.QuartzScheduler] - Scheduler scheduler_$_NON_CLUSTERED shutdown complete.
2014-07-22 14:07:18,254 INFO [org.hibernate.validator.util.Version] - Hibernate Validator 4.2.0.Final
2014-07-22 14:07:20,300 INFO [org.jasig.cas.services.DefaultServicesManagerImpl] - Loaded 1 services.
2014-07-22 14:07:20,300 INFO [org.jasig.cas.services.DefaultServicesManagerImpl] - Loaded 1 services.
2014-07-22 14:07:21,162 INFO [org.quartz.core.SchedulerSignalerImpl] - Initialized Scheduler Signaller of type: class org.quartz.core.SchedulerSignalerImpl
2014-07-22 14:07:21,162 INFO [org.quartz.core.QuartzScheduler] - Quartz Scheduler v.1.6.1 created.
2014-07-22 14:07:21,164 INFO [org.quartz.simpl.RAMJobStore] - RAMJobStore initialized.
2014-07-22 14:07:21,164 INFO [org.quartz.impl.StdSchedulerFactory] - Quartz scheduler 'scheduler' initialized from an externally provided properties instance.
2014-07-22 14:07:21,164 INFO [org.quartz.impl.StdSchedulerFactory] - Quartz scheduler version: 1.6.1
2014-07-22 14:07:21,165 INFO [org.quartz.core.QuartzScheduler] - JobFactory set to: org.springframework.scheduling.quartz.AdaptableJobFactory@4ab60f11
2014-07-22 14:07:21,623 INFO [org.jasig.cas.util.AutowiringSchedulerFactoryBean] - Starting Quartz Scheduler now
2014-07-22 14:07:21,623 INFO [org.jasig.cas.util.AutowiringSchedulerFactoryBean] - Starting Quartz Scheduler now
2014-07-22 14:07:21,623 INFO [org.quartz.core.QuartzScheduler] - Scheduler scheduler_$_NON_CLUSTERED started.
2014-07-22 14:07:39,436 INFO [org.jasig.cas.ticket.registry.support.DefaultTicketRegistryCleaner] - Beginning ticket cleanup.
2014-07-22 14:07:39,436 INFO [org.jasig.cas.ticket.registry.support.DefaultTicketRegistryCleaner] - Beginning ticket cleanup.
2014-07-22 14:07:39,438 INFO [org.jasig.cas.ticket.registry.support.DefaultTicketRegistryCleaner] - 0 tickets found to be removed.
2014-07-22 14:07:39,438 INFO [org.jasig.cas.ticket.registry.support.DefaultTicketRegistryCleaner] - 0 tickets found to be removed.
2014-07-22 14:07:39,438 INFO [org.jasig.cas.ticket.registry.support.DefaultTicketRegistryCleaner] - Finished ticket cleanup.
2014-07-22 14:07:39,438 INFO [org.jasig.cas.ticket.registry.support.DefaultTicketRegistryCleaner] - Finished ticket cleanup.
2014-07-22 14:09:20,400 INFO [org.jasig.cas.services.DefaultServicesManagerImpl] - Reloading registered services.
2014-07-22 14:09:20,400 INFO [org.jasig.cas.services.DefaultServicesManagerImpl] - Reloading registered services.
2014-07-22 14:09:20,400 INFO [org.jasig.cas.services.DefaultServicesManagerImpl] - Loaded 1 services.
2014-07-22 14:09:20,400 INFO [org.jasig.cas.services.DefaultServicesManagerImpl] - Loaded 1 services.
2014-07-22 14:11:20,384 INFO [org.jasig.cas.services.DefaultServicesManagerImpl] - Reloading registered services.
2014-07-22 14:11:20,384 INFO [org.jasig.cas.services.DefaultServicesManagerImpl] - Reloading registered services.
2014-07-22 14:11:20,385 INFO [org.jasig.cas.services.DefaultServicesManagerImpl] - Loaded 1 services.
2014-07-22 14:11:20,385 INFO [org.jasig.cas.services.DefaultServicesManagerImpl] - Loaded 1 services.
2014-07-22 14:13:20,385 INFO [org.jasig.cas.services.DefaultServicesManagerImpl] - Reloading registered services.
2014-07-22 14:13:20,385 INFO [org.jasig.cas.services.DefaultServicesManagerImpl] - Reloading registered services.
2014-07-22 14:13:20,394 INFO [org.jasig.cas.services.DefaultServicesManagerImpl] - Loaded 1 services.
2014-07-22 14:13:20,394 INFO [org.jasig.cas.services.DefaultServicesManagerImpl] - Loaded 1 services.
2014-07-22 14:15:20,384 INFO [org.jasig.cas.services.DefaultServicesManagerImpl] - Reloading registered services.
2014-07-22 14:15:20,384 INFO [org.jasig.cas.services.DefaultServicesManagerImpl] - Reloading registered services.
2014-07-22 14:15:20,385 INFO [org.jasig.cas.services.DefaultServicesManagerImpl] - Loaded 1 services.
2014-07-22 14:15:20,385 INFO [org.jasig.cas.services.DefaultServicesManagerImpl] - Loaded 1 services.
2014-07-22 14:16:19,240 INFO [org.quartz.core.QuartzScheduler] - Scheduler scheduler_$_NON_CLUSTERED paused.
2014-07-22 14:16:19,244 INFO [org.jasig.cas.util.AutowiringSchedulerFactoryBean] - Shutting down Quartz Scheduler
2014-07-22 14:16:19,244 INFO [org.jasig.cas.util.AutowiringSchedulerFactoryBean] - Shutting down Quartz Scheduler
2014-07-22 14:16:19,244 INFO [org.quartz.core.QuartzScheduler] - Scheduler scheduler_$_NON_CLUSTERED shutting down.
2014-07-22 14:16:19,244 INFO [org.quartz.core.QuartzScheduler] - Scheduler scheduler_$_NON_CLUSTERED paused.
2014-07-22 14:16:19,246 INFO [org.quartz.core.QuartzScheduler] - Scheduler scheduler_$_NON_CLUSTERED shutdown complete.
2014-07-22 14:16:20,638 INFO [org.hibernate.validator.util.Version] - Hibernate Validator 4.2.0.Final
2014-07-22 14:16:21,899 INFO [org.jasig.cas.services.DefaultServicesManagerImpl] - Loaded 1 services.
2014-07-22 14:16:21,899 INFO [org.jasig.cas.services.DefaultServicesManagerImpl] - Loaded 1 services.
2014-07-22 14:16:22,199 INFO [org.quartz.core.SchedulerSignalerImpl] - Initialized Scheduler Signaller of type: class org.quartz.core.SchedulerSignalerImpl
2014-07-22 14:16:22,199 INFO [org.quartz.core.QuartzScheduler] - Quartz Scheduler v.1.6.1 created.
2014-07-22 14:16:22,200 INFO [org.quartz.simpl.RAMJobStore] - RAMJobStore initialized.
2014-07-22 14:16:22,200 INFO [org.quartz.impl.StdSchedulerFactory] - Quartz scheduler 'scheduler' initialized from an externally provided properties instance.
2014-07-22 14:16:22,200 INFO [org.quartz.impl.StdSchedulerFactory] - Quartz scheduler version: 1.6.1
2014-07-22 14:16:22,202 INFO [org.quartz.core.QuartzScheduler] - JobFactory set to: org.springframework.scheduling.quartz.AdaptableJobFactory@795f8d12
2014-07-22 14:16:22,775 INFO [org.jasig.cas.util.AutowiringSchedulerFactoryBean] - Starting Quartz Scheduler now
2014-07-22 14:16:22,775 INFO [org.jasig.cas.util.AutowiringSchedulerFactoryBean] - Starting Quartz Scheduler now
2014-07-22 14:16:22,775 INFO [org.quartz.core.QuartzScheduler] - Scheduler scheduler_$_NON_CLUSTERED started.
2014-07-22 14:16:41,608 INFO [org.jasig.cas.ticket.registry.support.DefaultTicketRegistryCleaner] - Beginning ticket cleanup.
2014-07-22 14:16:41,608 INFO [org.jasig.cas.ticket.registry.support.DefaultTicketRegistryCleaner] - Beginning ticket cleanup.
2014-07-22 14:16:41,610 INFO [org.jasig.cas.ticket.registry.support.DefaultTicketRegistryCleaner] - 0 tickets found to be removed.
2014-07-22 14:16:41,610 INFO [org.jasig.cas.ticket.registry.support.DefaultTicketRegistryCleaner] - 0 tickets found to be removed.
2014-07-22 14:16:41,610 INFO [org.jasig.cas.ticket.registry.support.DefaultTicketRegistryCleaner] - Finished ticket cleanup.
2014-07-22 14:16:41,610 INFO [org.jasig.cas.ticket.registry.support.DefaultTicketRegistryCleaner] - Finished ticket cleanup.
2014-07-22 14:18:21,941 INFO [org.jasig.cas.services.DefaultServicesManagerImpl] - Reloading registered services.
2014-07-22 14:18:21,941 INFO [org.jasig.cas.services.DefaultServicesManagerImpl] - Reloading registered services.
2014-07-22 14:18:21,941 INFO [org.jasig.cas.services.DefaultServicesManagerImpl] - Loaded 1 services.
2014-07-22 14:18:21,941 INFO [org.jasig.cas.services.DefaultServicesManagerImpl] - Loaded 1 services.
2014-07-22 14:20:21,924 INFO [org.jasig.cas.services.DefaultServicesManagerImpl] - Reloading registered services.
2014-07-22 14:20:21,924 INFO [org.jasig.cas.services.DefaultServicesManagerImpl] - Reloading registered services.
2014-07-22 14:20:21,925 INFO [org.jasig.cas.services.DefaultServicesManagerImpl] - Loaded 1 services.
2014-07-22 14:20:21,925 INFO [org.jasig.cas.services.DefaultServicesManagerImpl] - Loaded 1 services.
2014-07-22 14:22:21,924 INFO [org.jasig.cas.services.DefaultServicesManagerImpl] - Reloading registered services.
2014-07-22 14:22:21,924 INFO [org.jasig.cas.services.DefaultServicesManagerImpl] - Reloading registered services.
2014-07-22 14:22:21,925 INFO [org.jasig.cas.services.DefaultServicesManagerImpl] - Loaded 1 services.
2014-07-22 14:22:21,925 INFO [org.jasig.cas.services.DefaultServicesManagerImpl] - Loaded 1 services.
2014-07-22 14:22:41,903 INFO [org.quartz.core.QuartzScheduler] - Scheduler scheduler_$_NON_CLUSTERED paused.
2014-07-22 14:22:41,906 INFO [org.jasig.cas.util.AutowiringSchedulerFactoryBean] - Shutting down Quartz Scheduler
2014-07-22 14:22:41,906 INFO [org.jasig.cas.util.AutowiringSchedulerFactoryBean] - Shutting down Quartz Scheduler
2014-07-22 14:22:41,906 INFO [org.quartz.core.QuartzScheduler] - Scheduler scheduler_$_NON_CLUSTERED shutting down.
2014-07-22 14:22:41,906 INFO [org.quartz.core.QuartzScheduler] - Scheduler scheduler_$_NON_CLUSTERED paused.
2014-07-22 14:22:41,906 INFO [org.quartz.core.QuartzScheduler] - Scheduler scheduler_$_NON_CLUSTERED shutdown complete.
2014-07-22 14:22:43,281 INFO [org.hibernate.validator.util.Version] - Hibernate Validator 4.2.0.Final
2014-07-22 14:22:44,446 INFO [org.jasig.cas.services.DefaultServicesManagerImpl] - Loaded 1 services.
2014-07-22 14:22:44,446 INFO [org.jasig.cas.services.DefaultServicesManagerImpl] - Loaded 1 services.
2014-07-22 14:22:44,715 INFO [org.quartz.core.SchedulerSignalerImpl] - Initialized Scheduler Signaller of type: class org.quartz.core.SchedulerSignalerImpl
2014-07-22 14:22:44,715 INFO [org.quartz.core.QuartzScheduler] - Quartz Scheduler v.1.6.1 created.
2014-07-22 14:22:44,716 INFO [org.quartz.simpl.RAMJobStore] - RAMJobStore initialized.
2014-07-22 14:22:44,716 INFO [org.quartz.impl.StdSchedulerFactory] - Quartz scheduler 'scheduler' initialized from an externally provided properties instance.
2014-07-22 14:22:44,716 INFO [org.quartz.impl.StdSchedulerFactory] - Quartz scheduler version: 1.6.1
2014-07-22 14:22:44,717 INFO [org.quartz.core.QuartzScheduler] - JobFactory set to: org.springframework.scheduling.quartz.AdaptableJobFactory@7c69ac1e
2014-07-22 14:22:45,213 INFO [org.jasig.cas.util.AutowiringSchedulerFactoryBean] - Starting Quartz Scheduler now
2014-07-22 14:22:45,213 INFO [org.jasig.cas.util.AutowiringSchedulerFactoryBean] - Starting Quartz Scheduler now
2014-07-22 14:22:45,214 INFO [org.quartz.core.QuartzScheduler] - Scheduler scheduler_$_NON_CLUSTERED started.
2014-07-22 14:48:04,284 INFO [org.quartz.core.QuartzScheduler] - Scheduler scheduler_$_NON_CLUSTERED paused.
2014-07-22 14:48:04,310 INFO [org.jasig.cas.util.AutowiringSchedulerFactoryBean] - Shutting down Quartz Scheduler
2014-07-22 14:48:04,310 INFO [org.jasig.cas.util.AutowiringSchedulerFactoryBean] - Shutting down Quartz Scheduler
2014-07-22 14:48:04,311 INFO [org.quartz.core.QuartzScheduler] - Scheduler scheduler_$_NON_CLUSTERED shutting down.
2014-07-22 14:48:04,311 INFO [org.quartz.core.QuartzScheduler] - Scheduler scheduler_$_NON_CLUSTERED paused.
2014-07-22 14:48:04,311 INFO [org.quartz.core.QuartzScheduler] - Scheduler scheduler_$_NON_CLUSTERED shutdown complete.
