Jul 01, 2014 5:50:10 PM org.apache.catalina.startup.ClassLoaderFactory validateFile
Warnung: Problem with directory [/home/saher/uportal/uPortal-4.0.14-quick-start/apache-tomcat-6.0.35/shared/classes], exists: [false], isDirectory: [false], canRead: [false]
Jul 01, 2014 5:50:11 PM org.apache.catalina.core.AprLifecycleListener init
Information: The APR based Apache Tomcat Native library which allows optimal performance in production environments was not found on the java.library.path: /usr/java/packages/lib/amd64:/usr/lib/x86_64-linux-gnu/jni:/lib/x86_64-linux-gnu:/usr/lib/x86_64-linux-gnu:/usr/lib/jni:/lib:/usr/lib
Jul 01, 2014 5:50:11 PM org.apache.coyote.http11.Http11Protocol init
Information: Initializing Coyote HTTP/1.1 on http-localhost%2F127.0.0.1-8080
Jul 01, 2014 5:50:11 PM org.apache.catalina.startup.Catalina load
Information: Initialization processed in 398 ms
Jul 01, 2014 5:50:11 PM org.apache.catalina.core.StandardService start
Information: Starting service Catalina
Jul 01, 2014 5:50:11 PM org.apache.catalina.core.StandardEngine start
Information: Starting Servlet Engine: Apache Tomcat/6.0.35
Jul 01, 2014 5:50:11 PM org.apache.catalina.startup.HostConfig deployDirectory
Information: Deploying web application directory Announcements
Jul 01, 2014 5:50:15 PM org.apache.catalina.session.PersistentManagerBase start
Schwerwiegend: No Store configured, persistence disabled
Jul 01, 2014 5:50:15 PM org.apache.catalina.startup.HostConfig deployDirectory
Information: Deploying web application directory cas-proxy-test-portlet
Jul 01, 2014 5:50:15 PM org.apache.catalina.startup.HostConfig deployDirectory
Information: Deploying web application directory NewsReaderPortlet
Jul 01, 2014 5:50:18 PM org.apache.catalina.startup.HostConfig deployDirectory
Information: Deploying web application directory jasig-widget-portlets
Jul 01, 2014 5:50:20 PM org.apache.catalina.startup.HostConfig deployDirectory
Information: Deploying web application directory SimpleContentPortlet
Jul 01, 2014 5:50:23 PM org.apache.catalina.startup.HostConfig deployDirectory
Information: Deploying web application directory WebProxyPortlet
Jul 01, 2014 5:50:25 PM org.apache.catalina.startup.HostConfig deployDirectory
Information: Deploying web application directory CalendarPortlet
Jul 01, 2014 5:50:27 PM org.apache.catalina.session.PersistentManagerBase start
Schwerwiegend: No Store configured, persistence disabled
Jul 01, 2014 5:50:27 PM org.apache.catalina.startup.HostConfig deployDirectory
Information: Deploying web application directory cas
Jul 01, 2014 5:50:30 PM org.apache.catalina.startup.HostConfig deployDirectory
Information: Deploying web application directory email-preview
Jul 01, 2014 5:50:31 PM org.apache.catalina.startup.HostConfig deployDirectory
Information: Deploying web application directory NotificationPortlet
Jul 01, 2014 5:50:32 PM org.apache.catalina.startup.HostConfig deployDirectory
Information: Deploying web application directory uPortal
Jul 01, 2014 5:50:34 PM org.apache.catalina.core.StandardContext start
Schwerwiegend: Error listenerStart
Jul 01, 2014 5:50:34 PM org.apache.catalina.core.StandardContext start
Schwerwiegend: Context [/uPortal] startup failed due to previous errors
Jul 01, 2014 5:50:34 PM org.apache.catalina.loader.WebappClassLoader clearReferencesThreads
Schwerwiegend: The web application [/uPortal] appears to have started a thread named [FileWatchdog] but has failed to stop it. This is very likely to create a memory leak.
Jul 01, 2014 5:50:35 PM org.apache.catalina.startup.HostConfig deployDirectory
Information: Deploying web application directory WeatherPortlet
Jul 01, 2014 5:50:36 PM org.apache.catalina.startup.HostConfig deployDirectory
Information: Deploying web application directory FunctionalTestsPortlet
Jul 01, 2014 5:50:37 PM org.apache.catalina.startup.HostConfig deployDirectory
Information: Deploying web application directory pluto-testsuite
Jul 01, 2014 5:50:37 PM org.apache.catalina.startup.HostConfig deployDirectory
Information: Deploying web application directory ResourceServingWebapp
Jul 01, 2014 5:50:38 PM org.apache.catalina.startup.HostConfig deployDirectory
Information: Deploying web application directory BookmarksPortlet
Jul 01, 2014 5:50:39 PM org.apache.coyote.http11.Http11Protocol start
Information: Starting Coyote HTTP/1.1 on http-localhost%2F127.0.0.1-8080
Jul 01, 2014 5:50:39 PM org.apache.jk.common.ChannelSocket init
Information: JK: ajp13 listening on /127.0.0.1:8009
Jul 01, 2014 5:50:39 PM org.apache.jk.server.JkMain start
Information: Jk running ID=0 time=0/17  config=null
Jul 01, 2014 5:50:39 PM org.apache.catalina.startup.Catalina start
Information: Server startup in 27735 ms
Jul 01, 2014 5:55:20 PM org.apache.coyote.http11.Http11Protocol pause
Information: Pausing Coyote HTTP/1.1 on http-localhost%2F127.0.0.1-8080
Jul 01, 2014 5:55:21 PM org.apache.catalina.core.StandardService stop
Information: Stopping service Catalina
Jul 01, 2014 5:55:21 PM org.apache.catalina.loader.WebappClassLoader clearReferencesJdbc
Schwerwiegend: The web application [/SimpleContentPortlet] registered the JDBC driver [org.hsqldb.jdbc.JDBCDriver] but failed to unregister it when the web application was stopped. To prevent a memory leak, the JDBC Driver has been forcibly unregistered.
Jul 01, 2014 5:55:21 PM org.apache.catalina.loader.WebappClassLoader clearThreadLocalMap
Schwerwiegend: The web application [/WeatherPortlet] created a ThreadLocal with key of type [org.codehaus.groovy.runtime.GroovyCategorySupport.MyThreadLocal] (value [org.codehaus.groovy.runtime.GroovyCategorySupport$MyThreadLocal@360e0f88]) and a value of type [java.lang.ref.SoftReference] (value [java.lang.ref.SoftReference@551dc571]) but failed to remove it when the web application was stopped. This is very likely to create a memory leak.
Jul 01, 2014 5:55:21 PM org.apache.catalina.loader.WebappClassLoader clearReferencesJdbc
Schwerwiegend: The web application [/CalendarPortlet] registered the JDBC driver [org.hsqldb.jdbc.JDBCDriver] but failed to unregister it when the web application was stopped. To prevent a memory leak, the JDBC Driver has been forcibly unregistered.
Jul 01, 2014 5:55:22 PM org.apache.catalina.loader.WebappClassLoader clearReferencesJdbc
Schwerwiegend: The web application [/cas] registered the JDBC driver [org.hsqldb.jdbc.JDBCDriver] but failed to unregister it when the web application was stopped. To prevent a memory leak, the JDBC Driver has been forcibly unregistered.
Jul 01, 2014 5:55:22 PM org.apache.catalina.loader.WebappClassLoader clearReferencesThreads
Schwerwiegend: The web application [/cas] appears to have started a thread named [perf4j-async-stats-appender-sink-CoalescingStatistics] but has failed to stop it. This is very likely to create a memory leak.
Jul 01, 2014 5:55:22 PM org.apache.catalina.loader.WebappClassLoader clearReferencesThreads
Schwerwiegend: The web application [/cas] appears to have started a thread named [Thread-30] but has failed to stop it. This is very likely to create a memory leak.
Jul 01, 2014 5:55:22 PM org.apache.catalina.loader.WebappClassLoader clearReferencesThreads
Schwerwiegend: The web application [/cas] appears to have started a thread named [scheduler_Worker-1] but has failed to stop it. This is very likely to create a memory leak.
Jul 01, 2014 5:55:22 PM org.apache.catalina.loader.WebappClassLoader clearReferencesThreads
Schwerwiegend: The web application [/cas] appears to have started a thread named [scheduler_Worker-2] but has failed to stop it. This is very likely to create a memory leak.
Jul 01, 2014 5:55:22 PM org.apache.catalina.loader.WebappClassLoader clearReferencesThreads
Schwerwiegend: The web application [/cas] appears to have started a thread named [scheduler_Worker-3] but has failed to stop it. This is very likely to create a memory leak.
Jul 01, 2014 5:55:22 PM org.apache.catalina.loader.WebappClassLoader clearReferencesThreads
Schwerwiegend: The web application [/cas] appears to have started a thread named [scheduler_Worker-4] but has failed to stop it. This is very likely to create a memory leak.
Jul 01, 2014 5:55:22 PM org.apache.catalina.loader.WebappClassLoader clearReferencesThreads
Schwerwiegend: The web application [/cas] appears to have started a thread named [scheduler_Worker-5] but has failed to stop it. This is very likely to create a memory leak.
Jul 01, 2014 5:55:22 PM org.apache.catalina.loader.WebappClassLoader clearReferencesThreads
Schwerwiegend: The web application [/cas] appears to have started a thread named [scheduler_Worker-6] but has failed to stop it. This is very likely to create a memory leak.
Jul 01, 2014 5:55:22 PM org.apache.catalina.loader.WebappClassLoader clearReferencesThreads
Schwerwiegend: The web application [/cas] appears to have started a thread named [scheduler_Worker-7] but has failed to stop it. This is very likely to create a memory leak.
Jul 01, 2014 5:55:22 PM org.apache.catalina.loader.WebappClassLoader clearReferencesThreads
Schwerwiegend: The web application [/cas] appears to have started a thread named [scheduler_Worker-8] but has failed to stop it. This is very likely to create a memory leak.
Jul 01, 2014 5:55:22 PM org.apache.catalina.loader.WebappClassLoader clearReferencesThreads
Schwerwiegend: The web application [/cas] appears to have started a thread named [scheduler_Worker-9] but has failed to stop it. This is very likely to create a memory leak.
Jul 01, 2014 5:55:22 PM org.apache.catalina.loader.WebappClassLoader clearReferencesThreads
Schwerwiegend: The web application [/cas] appears to have started a thread named [scheduler_Worker-10] but has failed to stop it. This is very likely to create a memory leak.
Jul 01, 2014 5:55:22 PM org.apache.catalina.loader.WebappClassLoader clearThreadLocalMap
Schwerwiegend: The web application [/jasig-widget-portlets] created a ThreadLocal with key of type [org.codehaus.groovy.runtime.GroovyCategorySupport.MyThreadLocal] (value [org.codehaus.groovy.runtime.GroovyCategorySupport$MyThreadLocal@30a7c51f]) and a value of type [java.lang.ref.SoftReference] (value [java.lang.ref.SoftReference@567e8f2d]) but failed to remove it when the web application was stopped. This is very likely to create a memory leak.
Jul 01, 2014 5:55:22 PM org.apache.catalina.loader.WebappClassLoader clearReferencesJdbc
Schwerwiegend: The web application [/WebProxyPortlet] registered the JDBC driver [org.hsqldb.jdbc.JDBCDriver] but failed to unregister it when the web application was stopped. To prevent a memory leak, the JDBC Driver has been forcibly unregistered.
Jul 01, 2014 5:55:22 PM org.apache.catalina.loader.WebappClassLoader clearThreadLocalMap
Schwerwiegend: The web application [/WebProxyPortlet] created a ThreadLocal with key of type [java.lang.ThreadLocal] (value [java.lang.ThreadLocal@4d2311f0]) and a value of type [org.jasig.portal.utils.cache.hibernate.EhCacheProvider] (value [org.jasig.portal.utils.cache.hibernate.EhCacheProvider@52db7718]) but failed to remove it when the web application was stopped. This is very likely to create a memory leak.
Jul 01, 2014 5:55:22 PM org.apache.catalina.loader.WebappClassLoader clearReferencesJdbc
Schwerwiegend: The web application [/Announcements] registered the JDBC driver [org.hsqldb.jdbc.JDBCDriver] but failed to unregister it when the web application was stopped. To prevent a memory leak, the JDBC Driver has been forcibly unregistered.
Jul 01, 2014 5:55:22 PM org.apache.catalina.loader.WebappClassLoader clearReferencesJdbc
Schwerwiegend: The web application [/BookmarksPortlet] registered the JDBC driver [org.hsqldb.jdbc.JDBCDriver] but failed to unregister it when the web application was stopped. To prevent a memory leak, the JDBC Driver has been forcibly unregistered.
Jul 01, 2014 5:55:23 PM org.apache.catalina.loader.WebappClassLoader clearReferencesJdbc
Schwerwiegend: The web application [/NewsReaderPortlet] registered the JDBC driver [org.hsqldb.jdbc.JDBCDriver] but failed to unregister it when the web application was stopped. To prevent a memory leak, the JDBC Driver has been forcibly unregistered.
Jul 01, 2014 5:55:23 PM org.apache.coyote.http11.Http11Protocol destroy
Information: Stopping Coyote HTTP/1.1 on http-localhost%2F127.0.0.1-8080
