INFO  [main] o.s.web.context.ContextLoader 2014-07-01 17:50:30,976 - Root WebApplicationContext: initialization started
INFO  [main] o.s.w.c.s.XmlWebApplicationContext 2014-07-01 17:50:31,023 - Refreshing Root WebApplicationContext: startup date [Tue Jul 01 17:50:31 CEST 2014]; root of context hierarchy
INFO  [main] o.s.b.f.xml.XmlBeanDefinitionReader 2014-07-01 17:50:31,057 - Loading XML bean definitions from ServletContext resource [/WEB-INF/context/applicationContext.xml]
INFO  [main] o.s.b.f.xml.XmlBeanDefinitionReader 2014-07-01 17:50:31,309 - Loading XML bean definitions from ServletContext resource [/WEB-INF/context/casContext.xml]
INFO  [main] o.s.b.f.c.PropertyPlaceholderConfigurer 2014-07-01 17:50:31,410 - Loading properties file from class path resource [configuration.properties]
INFO  [main] o.s.b.f.s.DefaultListableBeanFactory 2014-07-01 17:50:31,431 - Pre-instantiating singletons in org.springframework.beans.factory.support.DefaultListableBeanFactory@38a5c8e4: defining beans [simpleEmailLinkService,linkServiceRegistryImpl,authenticationServiceRegistryImpl,org.springframework.context.annotation.internalConfigurationAnnotationProcessor,org.springframework.context.annotation.internalAutowiredAnnotationProcessor,org.springframework.context.annotation.internalRequiredAnnotationProcessor,org.springframework.context.annotation.internalCommonAnnotationProcessor,exceptionResolver,propertyConfigurer,linkServices,org.springframework.web.servlet.view.XmlViewResolver#0,jspViewResolver,messageSource,jsErrorMessages,jsMessages,mobileDeviceRegexes,demoAuthenticationService,cachedPasswordAuthenticationService,portletPreferencesCredentialsAuthenticationService,stringEncryptionService,ticketValidationFilter,ticketValidator,casTicketService,proxyGrantingTicketStorage,casAuthenticationService,org.springframework.context.annotation.ConfigurationClassPostProcessor$ImportAwareBeanPostProcessor#0]; root of factory hierarchy
INFO  [main] o.s.b.f.xml.XmlBeanDefinitionReader 2014-07-01 17:50:31,475 - Loading XML bean definitions from ServletContext resource [/WEB-INF/context/views.xml]
INFO  [main] o.s.w.c.s.GenericWebApplicationContext 2014-07-01 17:50:31,490 - Refreshing org.springframework.web.context.support.GenericWebApplicationContext@509c671: startup date [Tue Jul 01 17:50:31 CEST 2014]; parent: Root WebApplicationContext
INFO  [main] o.s.b.f.s.DefaultListableBeanFactory 2014-07-01 17:50:31,493 - Pre-instantiating singletons in org.springframework.beans.factory.support.DefaultListableBeanFactory@43401ae9: defining beans [json]; parent: org.springframework.beans.factory.support.DefaultListableBeanFactory@38a5c8e4
ERROR [main] o.j.p.e.s.JasyptPBEStringEncryptionServiceImpl 2014-07-01 17:50:31,693 - Encryption key at default value.  Change it in configuration.properties for improved security!
INFO  [main] o.s.web.context.ContextLoader 2014-07-01 17:50:31,732 - Root WebApplicationContext: initialization completed in 754 ms
INFO  [main] o.s.w.c.s.XmlWebApplicationContext 2014-07-01 17:55:21,052 - Closing Root WebApplicationContext: startup date [Tue Jul 01 17:50:31 CEST 2014]; root of context hierarchy
INFO  [main] o.s.b.f.s.DefaultListableBeanFactory 2014-07-01 17:55:21,053 - Destroying singletons in org.springframework.beans.factory.support.DefaultListableBeanFactory@38a5c8e4: defining beans [simpleEmailLinkService,linkServiceRegistryImpl,authenticationServiceRegistryImpl,org.springframework.context.annotation.internalConfigurationAnnotationProcessor,org.springframework.context.annotation.internalAutowiredAnnotationProcessor,org.springframework.context.annotation.internalRequiredAnnotationProcessor,org.springframework.context.annotation.internalCommonAnnotationProcessor,exceptionResolver,propertyConfigurer,linkServices,org.springframework.web.servlet.view.XmlViewResolver#0,jspViewResolver,messageSource,jsErrorMessages,jsMessages,mobileDeviceRegexes,demoAuthenticationService,cachedPasswordAuthenticationService,portletPreferencesCredentialsAuthenticationService,stringEncryptionService,ticketValidationFilter,ticketValidator,casTicketService,proxyGrantingTicketStorage,casAuthenticationService,org.springframework.context.annotation.ConfigurationClassPostProcessor$ImportAwareBeanPostProcessor#0]; root of factory hierarchy
INFO  [main] o.s.w.c.s.GenericWebApplicationContext 2014-07-01 17:55:21,054 - Closing org.springframework.web.context.support.GenericWebApplicationContext@509c671: startup date [Tue Jul 01 17:50:31 CEST 2014]; parent: Root WebApplicationContext
INFO  [main] o.s.b.f.s.DefaultListableBeanFactory 2014-07-01 17:55:21,055 - Destroying singletons in org.springframework.beans.factory.support.DefaultListableBeanFactory@43401ae9: defining beans [json]; parent: org.springframework.beans.factory.support.DefaultListableBeanFactory@38a5c8e4
INFO  [main] o.s.web.context.ContextLoader 2014-07-22 14:48:20,503 - Root WebApplicationContext: initialization started
INFO  [main] o.s.w.c.s.XmlWebApplicationContext 2014-07-22 14:48:20,593 - Refreshing Root WebApplicationContext: startup date [Tue Jul 22 14:48:20 CEST 2014]; root of context hierarchy
INFO  [main] o.s.b.f.xml.XmlBeanDefinitionReader 2014-07-22 14:48:20,656 - Loading XML bean definitions from ServletContext resource [/WEB-INF/context/applicationContext.xml]
INFO  [main] o.s.b.f.xml.XmlBeanDefinitionReader 2014-07-22 14:48:20,925 - Loading XML bean definitions from ServletContext resource [/WEB-INF/context/casContext.xml]
INFO  [main] o.s.b.f.c.PropertyPlaceholderConfigurer 2014-07-22 14:48:21,035 - Loading properties file from class path resource [configuration.properties]
INFO  [main] o.s.b.f.s.DefaultListableBeanFactory 2014-07-22 14:48:21,057 - Pre-instantiating singletons in org.springframework.beans.factory.support.DefaultListableBeanFactory@41d5c72e: defining beans [simpleEmailLinkService,linkServiceRegistryImpl,authenticationServiceRegistryImpl,org.springframework.context.annotation.internalConfigurationAnnotationProcessor,org.springframework.context.annotation.internalAutowiredAnnotationProcessor,org.springframework.context.annotation.internalRequiredAnnotationProcessor,org.springframework.context.annotation.internalCommonAnnotationProcessor,exceptionResolver,propertyConfigurer,linkServices,org.springframework.web.servlet.view.XmlViewResolver#0,jspViewResolver,messageSource,jsErrorMessages,jsMessages,mobileDeviceRegexes,demoAuthenticationService,cachedPasswordAuthenticationService,portletPreferencesCredentialsAuthenticationService,stringEncryptionService,ticketValidationFilter,ticketValidator,casTicketService,proxyGrantingTicketStorage,casAuthenticationService,org.springframework.context.annotation.ConfigurationClassPostProcessor$ImportAwareBeanPostProcessor#0]; root of factory hierarchy
INFO  [main] o.s.b.f.xml.XmlBeanDefinitionReader 2014-07-22 14:48:21,102 - Loading XML bean definitions from ServletContext resource [/WEB-INF/context/views.xml]
INFO  [main] o.s.w.c.s.GenericWebApplicationContext 2014-07-22 14:48:21,118 - Refreshing org.springframework.web.context.support.GenericWebApplicationContext@f60c0ae: startup date [Tue Jul 22 14:48:21 CEST 2014]; parent: Root WebApplicationContext
INFO  [main] o.s.b.f.s.DefaultListableBeanFactory 2014-07-22 14:48:21,121 - Pre-instantiating singletons in org.springframework.beans.factory.support.DefaultListableBeanFactory@4d1864b9: defining beans [json]; parent: org.springframework.beans.factory.support.DefaultListableBeanFactory@41d5c72e
ERROR [main] o.j.p.e.s.JasyptPBEStringEncryptionServiceImpl 2014-07-22 14:48:21,422 - Encryption key at default value.  Change it in configuration.properties for improved security!
INFO  [main] o.s.web.context.ContextLoader 2014-07-22 14:48:21,459 - Root WebApplicationContext: initialization completed in 936 ms
INFO  [main] o.s.web.context.ContextLoader 2014-07-22 14:51:49,933 - Root WebApplicationContext: initialization started
INFO  [main] o.s.w.c.s.XmlWebApplicationContext 2014-07-22 14:51:49,994 - Refreshing Root WebApplicationContext: startup date [Tue Jul 22 14:51:49 CEST 2014]; root of context hierarchy
INFO  [main] o.s.b.f.xml.XmlBeanDefinitionReader 2014-07-22 14:51:50,062 - Loading XML bean definitions from ServletContext resource [/WEB-INF/context/applicationContext.xml]
INFO  [main] o.s.b.f.xml.XmlBeanDefinitionReader 2014-07-22 14:51:50,338 - Loading XML bean definitions from ServletContext resource [/WEB-INF/context/casContext.xml]
INFO  [main] o.s.b.f.c.PropertyPlaceholderConfigurer 2014-07-22 14:51:50,450 - Loading properties file from class path resource [configuration.properties]
INFO  [main] o.s.b.f.s.DefaultListableBeanFactory 2014-07-22 14:51:50,473 - Pre-instantiating singletons in org.springframework.beans.factory.support.DefaultListableBeanFactory@76a95e2e: defining beans [simpleEmailLinkService,linkServiceRegistryImpl,authenticationServiceRegistryImpl,org.springframework.context.annotation.internalConfigurationAnnotationProcessor,org.springframework.context.annotation.internalAutowiredAnnotationProcessor,org.springframework.context.annotation.internalRequiredAnnotationProcessor,org.springframework.context.annotation.internalCommonAnnotationProcessor,exceptionResolver,propertyConfigurer,linkServices,org.springframework.web.servlet.view.XmlViewResolver#0,jspViewResolver,messageSource,jsErrorMessages,jsMessages,mobileDeviceRegexes,demoAuthenticationService,cachedPasswordAuthenticationService,portletPreferencesCredentialsAuthenticationService,stringEncryptionService,ticketValidationFilter,ticketValidator,casTicketService,proxyGrantingTicketStorage,casAuthenticationService,org.springframework.context.annotation.ConfigurationClassPostProcessor$ImportAwareBeanPostProcessor#0]; root of factory hierarchy
INFO  [main] o.s.b.f.xml.XmlBeanDefinitionReader 2014-07-22 14:51:50,524 - Loading XML bean definitions from ServletContext resource [/WEB-INF/context/views.xml]
INFO  [main] o.s.w.c.s.GenericWebApplicationContext 2014-07-22 14:51:50,541 - Refreshing org.springframework.web.context.support.GenericWebApplicationContext@4d1864b9: startup date [Tue Jul 22 14:51:50 CEST 2014]; parent: Root WebApplicationContext
INFO  [main] o.s.b.f.s.DefaultListableBeanFactory 2014-07-22 14:51:50,543 - Pre-instantiating singletons in org.springframework.beans.factory.support.DefaultListableBeanFactory@233f2f43: defining beans [json]; parent: org.springframework.beans.factory.support.DefaultListableBeanFactory@76a95e2e
ERROR [main] o.j.p.e.s.JasyptPBEStringEncryptionServiceImpl 2014-07-22 14:51:50,770 - Encryption key at default value.  Change it in configuration.properties for improved security!
INFO  [main] o.s.web.context.ContextLoader 2014-07-22 14:51:50,812 - Root WebApplicationContext: initialization completed in 876 ms
INFO  [main] o.s.web.context.ContextLoader 2014-07-22 14:58:09,067 - Root WebApplicationContext: initialization started
INFO  [main] o.s.w.c.s.XmlWebApplicationContext 2014-07-22 14:58:09,130 - Refreshing Root WebApplicationContext: startup date [Tue Jul 22 14:58:09 CEST 2014]; root of context hierarchy
INFO  [main] o.s.b.f.xml.XmlBeanDefinitionReader 2014-07-22 14:58:09,198 - Loading XML bean definitions from ServletContext resource [/WEB-INF/context/applicationContext.xml]
INFO  [main] o.s.b.f.xml.XmlBeanDefinitionReader 2014-07-22 14:58:09,482 - Loading XML bean definitions from ServletContext resource [/WEB-INF/context/casContext.xml]
INFO  [main] o.s.b.f.c.PropertyPlaceholderConfigurer 2014-07-22 14:58:09,597 - Loading properties file from class path resource [configuration.properties]
INFO  [main] o.s.b.f.s.DefaultListableBeanFactory 2014-07-22 14:58:09,620 - Pre-instantiating singletons in org.springframework.beans.factory.support.DefaultListableBeanFactory@7edd5b9b: defining beans [simpleEmailLinkService,linkServiceRegistryImpl,authenticationServiceRegistryImpl,org.springframework.context.annotation.internalConfigurationAnnotationProcessor,org.springframework.context.annotation.internalAutowiredAnnotationProcessor,org.springframework.context.annotation.internalRequiredAnnotationProcessor,org.springframework.context.annotation.internalCommonAnnotationProcessor,exceptionResolver,propertyConfigurer,linkServices,org.springframework.web.servlet.view.XmlViewResolver#0,jspViewResolver,messageSource,jsErrorMessages,jsMessages,mobileDeviceRegexes,demoAuthenticationService,cachedPasswordAuthenticationService,portletPreferencesCredentialsAuthenticationService,stringEncryptionService,ticketValidationFilter,ticketValidator,casTicketService,proxyGrantingTicketStorage,casAuthenticationService,org.springframework.context.annotation.ConfigurationClassPostProcessor$ImportAwareBeanPostProcessor#0]; root of factory hierarchy
INFO  [main] o.s.b.f.xml.XmlBeanDefinitionReader 2014-07-22 14:58:09,669 - Loading XML bean definitions from ServletContext resource [/WEB-INF/context/views.xml]
INFO  [main] o.s.w.c.s.GenericWebApplicationContext 2014-07-22 14:58:09,686 - Refreshing org.springframework.web.context.support.GenericWebApplicationContext@1c2eee33: startup date [Tue Jul 22 14:58:09 CEST 2014]; parent: Root WebApplicationContext
INFO  [main] o.s.b.f.s.DefaultListableBeanFactory 2014-07-22 14:58:09,688 - Pre-instantiating singletons in org.springframework.beans.factory.support.DefaultListableBeanFactory@260d4fd: defining beans [json]; parent: org.springframework.beans.factory.support.DefaultListableBeanFactory@7edd5b9b
ERROR [main] o.j.p.e.s.JasyptPBEStringEncryptionServiceImpl 2014-07-22 14:58:09,905 - Encryption key at default value.  Change it in configuration.properties for improved security!
INFO  [main] o.s.web.context.ContextLoader 2014-07-22 14:58:09,951 - Root WebApplicationContext: initialization completed in 881 ms
INFO  [main] o.s.web.context.ContextLoader 2014-07-22 15:06:27,499 - Root WebApplicationContext: initialization started
INFO  [main] o.s.w.c.s.XmlWebApplicationContext 2014-07-22 15:06:27,559 - Refreshing Root WebApplicationContext: startup date [Tue Jul 22 15:06:27 CEST 2014]; root of context hierarchy
INFO  [main] o.s.b.f.xml.XmlBeanDefinitionReader 2014-07-22 15:06:27,603 - Loading XML bean definitions from ServletContext resource [/WEB-INF/context/applicationContext.xml]
INFO  [main] o.s.b.f.xml.XmlBeanDefinitionReader 2014-07-22 15:06:27,892 - Loading XML bean definitions from ServletContext resource [/WEB-INF/context/casContext.xml]
INFO  [main] o.s.b.f.c.PropertyPlaceholderConfigurer 2014-07-22 15:06:28,033 - Loading properties file from class path resource [configuration.properties]
INFO  [main] o.s.b.f.s.DefaultListableBeanFactory 2014-07-22 15:06:28,056 - Pre-instantiating singletons in org.springframework.beans.factory.support.DefaultListableBeanFactory@3ad22b65: defining beans [simpleEmailLinkService,linkServiceRegistryImpl,authenticationServiceRegistryImpl,org.springframework.context.annotation.internalConfigurationAnnotationProcessor,org.springframework.context.annotation.internalAutowiredAnnotationProcessor,org.springframework.context.annotation.internalRequiredAnnotationProcessor,org.springframework.context.annotation.internalCommonAnnotationProcessor,exceptionResolver,propertyConfigurer,linkServices,org.springframework.web.servlet.view.XmlViewResolver#0,jspViewResolver,messageSource,jsErrorMessages,jsMessages,mobileDeviceRegexes,demoAuthenticationService,cachedPasswordAuthenticationService,portletPreferencesCredentialsAuthenticationService,stringEncryptionService,ticketValidationFilter,ticketValidator,casTicketService,proxyGrantingTicketStorage,casAuthenticationService,org.springframework.context.annotation.ConfigurationClassPostProcessor$ImportAwareBeanPostProcessor#0]; root of factory hierarchy
INFO  [main] o.s.b.f.xml.XmlBeanDefinitionReader 2014-07-22 15:06:28,106 - Loading XML bean definitions from ServletContext resource [/WEB-INF/context/views.xml]
INFO  [main] o.s.w.c.s.GenericWebApplicationContext 2014-07-22 15:06:28,122 - Refreshing org.springframework.web.context.support.GenericWebApplicationContext@5ec418a8: startup date [Tue Jul 22 15:06:28 CEST 2014]; parent: Root WebApplicationContext
INFO  [main] o.s.b.f.s.DefaultListableBeanFactory 2014-07-22 15:06:28,125 - Pre-instantiating singletons in org.springframework.beans.factory.support.DefaultListableBeanFactory@2eea824: defining beans [json]; parent: org.springframework.beans.factory.support.DefaultListableBeanFactory@3ad22b65
ERROR [main] o.j.p.e.s.JasyptPBEStringEncryptionServiceImpl 2014-07-22 15:06:28,342 - Encryption key at default value.  Change it in configuration.properties for improved security!
INFO  [main] o.s.web.context.ContextLoader 2014-07-22 15:06:28,385 - Root WebApplicationContext: initialization completed in 883 ms
INFO  [main] o.s.web.context.ContextLoader 2014-07-22 15:08:36,986 - Root WebApplicationContext: initialization started
INFO  [main] o.s.w.c.s.XmlWebApplicationContext 2014-07-22 15:08:37,049 - Refreshing Root WebApplicationContext: startup date [Tue Jul 22 15:08:37 CEST 2014]; root of context hierarchy
INFO  [main] o.s.b.f.xml.XmlBeanDefinitionReader 2014-07-22 15:08:37,113 - Loading XML bean definitions from ServletContext resource [/WEB-INF/context/applicationContext.xml]
INFO  [main] o.s.b.f.xml.XmlBeanDefinitionReader 2014-07-22 15:08:37,395 - Loading XML bean definitions from ServletContext resource [/WEB-INF/context/casContext.xml]
INFO  [main] o.s.b.f.c.PropertyPlaceholderConfigurer 2014-07-22 15:08:37,506 - Loading properties file from class path resource [configuration.properties]
INFO  [main] o.s.b.f.s.DefaultListableBeanFactory 2014-07-22 15:08:37,528 - Pre-instantiating singletons in org.springframework.beans.factory.support.DefaultListableBeanFactory@525ac659: defining beans [simpleEmailLinkService,linkServiceRegistryImpl,authenticationServiceRegistryImpl,org.springframework.context.annotation.internalConfigurationAnnotationProcessor,org.springframework.context.annotation.internalAutowiredAnnotationProcessor,org.springframework.context.annotation.internalRequiredAnnotationProcessor,org.springframework.context.annotation.internalCommonAnnotationProcessor,exceptionResolver,propertyConfigurer,linkServices,org.springframework.web.servlet.view.XmlViewResolver#0,jspViewResolver,messageSource,jsErrorMessages,jsMessages,mobileDeviceRegexes,demoAuthenticationService,cachedPasswordAuthenticationService,portletPreferencesCredentialsAuthenticationService,stringEncryptionService,ticketValidationFilter,ticketValidator,casTicketService,proxyGrantingTicketStorage,casAuthenticationService,org.springframework.context.annotation.ConfigurationClassPostProcessor$ImportAwareBeanPostProcessor#0]; root of factory hierarchy
INFO  [main] o.s.b.f.xml.XmlBeanDefinitionReader 2014-07-22 15:08:37,576 - Loading XML bean definitions from ServletContext resource [/WEB-INF/context/views.xml]
INFO  [main] o.s.w.c.s.GenericWebApplicationContext 2014-07-22 15:08:37,593 - Refreshing org.springframework.web.context.support.GenericWebApplicationContext@2adf4c52: startup date [Tue Jul 22 15:08:37 CEST 2014]; parent: Root WebApplicationContext
INFO  [main] o.s.b.f.s.DefaultListableBeanFactory 2014-07-22 15:08:37,596 - Pre-instantiating singletons in org.springframework.beans.factory.support.DefaultListableBeanFactory@7b7926d9: defining beans [json]; parent: org.springframework.beans.factory.support.DefaultListableBeanFactory@525ac659
ERROR [main] o.j.p.e.s.JasyptPBEStringEncryptionServiceImpl 2014-07-22 15:08:37,815 - Encryption key at default value.  Change it in configuration.properties for improved security!
INFO  [main] o.s.web.context.ContextLoader 2014-07-22 15:08:37,857 - Root WebApplicationContext: initialization completed in 869 ms
