INFO  [main] o.s.web.context.ContextLoader 2014-07-01 17:50:18,478 - Root WebApplicationContext: initialization started
INFO  [main] o.s.w.c.s.XmlWebApplicationContext 2014-07-01 17:50:18,536 - Refreshing Root WebApplicationContext: startup date [Tue Jul 01 17:50:18 CEST 2014]; root of context hierarchy
INFO  [main] o.s.b.f.xml.XmlBeanDefinitionReader 2014-07-01 17:50:18,573 - Loading XML bean definitions from ServletContext resource [/WEB-INF/context/applicationContext.xml]
INFO  [main] o.s.b.f.s.DefaultListableBeanFactory 2014-07-01 17:50:19,099 - Pre-instantiating singletons in org.springframework.beans.factory.support.DefaultListableBeanFactory@10cd61f0: defining beans [messageSource,org.jasig.portlet.widget.service.ThemeNameViewHelperImpl#0,org.jasig.web.service.AjaxPortletSupportService#0,org.jasig.portlet.widget.service.GoogleGadgetService#0,org.jasig.portlet.widget.service.YouTubeService#0,org.springframework.scripting.config.scriptFactoryPostProcessor,dictionaryParsingService,cacheManager,definitionCache,youTubeCache,org.springframework.web.servlet.view.XmlViewResolver#0,jspViewResolver,exceptionResolver]; root of factory hierarchy
INFO  [main] o.s.c.e.EhCacheManagerFactoryBean 2014-07-01 17:50:19,553 - Initializing EhCache CacheManager
INFO  [main] o.s.b.f.xml.XmlBeanDefinitionReader 2014-07-01 17:50:19,641 - Loading XML bean definitions from ServletContext resource [/WEB-INF/context/views.xml]
INFO  [main] o.s.w.c.s.GenericWebApplicationContext 2014-07-01 17:50:19,661 - Refreshing org.springframework.web.context.support.GenericWebApplicationContext@43398bb9: startup date [Tue Jul 01 17:50:19 CEST 2014]; parent: Root WebApplicationContext
INFO  [main] o.s.b.f.s.DefaultListableBeanFactory 2014-07-01 17:50:19,665 - Pre-instantiating singletons in org.springframework.beans.factory.support.DefaultListableBeanFactory@38aca36d: defining beans [jsonView,proxyView]; parent: org.springframework.beans.factory.support.DefaultListableBeanFactory@10cd61f0
INFO  [main] o.s.web.context.ContextLoader 2014-07-01 17:50:19,712 - Root WebApplicationContext: initialization completed in 1231 ms
INFO  [main] o.s.web.servlet.DispatcherServlet 2014-07-01 17:50:19,732 - FrameworkServlet 'spring': initialization started
INFO  [main] o.s.w.c.s.XmlWebApplicationContext 2014-07-01 17:50:19,735 - Refreshing WebApplicationContext for namespace 'spring-servlet': startup date [Tue Jul 01 17:50:19 CEST 2014]; parent: Root WebApplicationContext
INFO  [main] o.s.b.f.xml.XmlBeanDefinitionReader 2014-07-01 17:50:19,736 - Loading XML bean definitions from ServletContext resource [/WEB-INF/spring-servlet.xml]
INFO  [main] o.s.b.f.s.DefaultListableBeanFactory 2014-07-01 17:50:19,838 - Pre-instantiating singletons in org.springframework.beans.factory.support.DefaultListableBeanFactory@47db24df: defining beans [dictionaryDataController,googleGadgetListingController,youTubeController,stockDataController,org.springframework.context.annotation.internalConfigurationAnnotationProcessor,org.springframework.context.annotation.internalAutowiredAnnotationProcessor,org.springframework.context.annotation.internalRequiredAnnotationProcessor,org.springframework.context.annotation.internalCommonAnnotationProcessor,org.springframework.web.servlet.mvc.annotation.DefaultAnnotationHandlerMapping#0,org.springframework.web.servlet.mvc.annotation.AnnotationMethodHandlerAdapter#0,org.springframework.context.annotation.ConfigurationClassPostProcessor.importAwareProcessor]; parent: org.springframework.beans.factory.support.DefaultListableBeanFactory@10cd61f0
INFO  [main] o.s.w.s.m.a.DefaultAnnotationHandlerMapping 2014-07-01 17:50:19,879 - Mapped URL path [/ajax/dictionary] onto handler 'dictionaryDataController'
INFO  [main] o.s.w.s.m.a.DefaultAnnotationHandlerMapping 2014-07-01 17:50:19,879 - Mapped URL path [/ajax/dictionary.*] onto handler 'dictionaryDataController'
INFO  [main] o.s.w.s.m.a.DefaultAnnotationHandlerMapping 2014-07-01 17:50:19,879 - Mapped URL path [/ajax/dictionary/] onto handler 'dictionaryDataController'
INFO  [main] o.s.w.s.m.a.DefaultAnnotationHandlerMapping 2014-07-01 17:50:19,879 - Mapped URL path [/ajax/gadgets] onto handler 'googleGadgetListingController'
INFO  [main] o.s.w.s.m.a.DefaultAnnotationHandlerMapping 2014-07-01 17:50:19,879 - Mapped URL path [/ajax/gadgets.*] onto handler 'googleGadgetListingController'
INFO  [main] o.s.w.s.m.a.DefaultAnnotationHandlerMapping 2014-07-01 17:50:19,880 - Mapped URL path [/ajax/gadgets/] onto handler 'googleGadgetListingController'
INFO  [main] o.s.w.s.m.a.DefaultAnnotationHandlerMapping 2014-07-01 17:50:19,880 - Mapped URL path [/ajax/youtube] onto handler 'youTubeController'
INFO  [main] o.s.w.s.m.a.DefaultAnnotationHandlerMapping 2014-07-01 17:50:19,880 - Mapped URL path [/ajax/youtube.*] onto handler 'youTubeController'
INFO  [main] o.s.w.s.m.a.DefaultAnnotationHandlerMapping 2014-07-01 17:50:19,880 - Mapped URL path [/ajax/youtube/] onto handler 'youTubeController'
INFO  [main] o.s.w.s.m.a.DefaultAnnotationHandlerMapping 2014-07-01 17:50:19,880 - Mapped URL path [/ajax/stock] onto handler 'stockDataController'
INFO  [main] o.s.w.s.m.a.DefaultAnnotationHandlerMapping 2014-07-01 17:50:19,880 - Mapped URL path [/ajax/stock.*] onto handler 'stockDataController'
INFO  [main] o.s.w.s.m.a.DefaultAnnotationHandlerMapping 2014-07-01 17:50:19,880 - Mapped URL path [/ajax/stock/] onto handler 'stockDataController'
INFO  [main] o.s.web.servlet.DispatcherServlet 2014-07-01 17:50:20,086 - FrameworkServlet 'spring': initialization completed in 354 ms
INFO  [net.sf.ehcache.CacheManager@6149b9d9] net.sf.ehcache.util.UpdateChecker 2014-07-01 17:50:20,978 - New update(s) found: 2.4.7 [http://www.terracotta.org/confluence/display/release/Release+Notes+Ehcache+Core+2.4]. Please check http://ehcache.org for the latest version.
INFO  [main] o.s.w.c.s.XmlWebApplicationContext 2014-07-01 17:55:22,387 - Closing WebApplicationContext for namespace 'spring-servlet': startup date [Tue Jul 01 17:50:19 CEST 2014]; parent: Root WebApplicationContext
INFO  [main] o.s.b.f.s.DefaultListableBeanFactory 2014-07-01 17:55:22,388 - Destroying singletons in org.springframework.beans.factory.support.DefaultListableBeanFactory@47db24df: defining beans [dictionaryDataController,googleGadgetListingController,youTubeController,stockDataController,org.springframework.context.annotation.internalConfigurationAnnotationProcessor,org.springframework.context.annotation.internalAutowiredAnnotationProcessor,org.springframework.context.annotation.internalRequiredAnnotationProcessor,org.springframework.context.annotation.internalCommonAnnotationProcessor,org.springframework.web.servlet.mvc.annotation.DefaultAnnotationHandlerMapping#0,org.springframework.web.servlet.mvc.annotation.AnnotationMethodHandlerAdapter#0,org.springframework.context.annotation.ConfigurationClassPostProcessor.importAwareProcessor]; parent: org.springframework.beans.factory.support.DefaultListableBeanFactory@10cd61f0
INFO  [main] o.s.w.c.s.XmlWebApplicationContext 2014-07-01 17:55:22,390 - Closing Root WebApplicationContext: startup date [Tue Jul 01 17:50:18 CEST 2014]; root of context hierarchy
INFO  [main] o.s.b.f.s.DefaultListableBeanFactory 2014-07-01 17:55:22,390 - Destroying singletons in org.springframework.beans.factory.support.DefaultListableBeanFactory@10cd61f0: defining beans [messageSource,org.jasig.portlet.widget.service.ThemeNameViewHelperImpl#0,org.jasig.web.service.AjaxPortletSupportService#0,org.jasig.portlet.widget.service.GoogleGadgetService#0,org.jasig.portlet.widget.service.YouTubeService#0,org.springframework.scripting.config.scriptFactoryPostProcessor,dictionaryParsingService,cacheManager,definitionCache,youTubeCache,org.springframework.web.servlet.view.XmlViewResolver#0,jspViewResolver,exceptionResolver]; root of factory hierarchy
INFO  [main] o.s.w.c.s.GenericWebApplicationContext 2014-07-01 17:55:22,390 - Closing org.springframework.web.context.support.GenericWebApplicationContext@43398bb9: startup date [Tue Jul 01 17:50:19 CEST 2014]; parent: Root WebApplicationContext
INFO  [main] o.s.b.f.s.DefaultListableBeanFactory 2014-07-01 17:55:22,390 - Destroying singletons in org.springframework.beans.factory.support.DefaultListableBeanFactory@38aca36d: defining beans [jsonView,proxyView]; parent: org.springframework.beans.factory.support.DefaultListableBeanFactory@10cd61f0
INFO  [main] o.s.c.e.EhCacheManagerFactoryBean 2014-07-01 17:55:22,390 - Shutting down EhCache CacheManager
INFO  [main] o.s.b.f.s.DefaultListableBeanFactory 2014-07-01 17:55:22,395 - Destroying singletons in org.springframework.beans.factory.support.DefaultListableBeanFactory@2a064c61: defining beans [scriptFactory.dictionaryParsingService,scriptedObject.dictionaryParsingService]; parent: org.springframework.beans.factory.support.DefaultListableBeanFactory@10cd61f0
INFO  [main] o.s.web.context.ContextLoader 2014-07-22 14:48:11,962 - Root WebApplicationContext: initialization started
INFO  [main] o.s.w.c.s.XmlWebApplicationContext 2014-07-22 14:48:12,091 - Refreshing Root WebApplicationContext: startup date [Tue Jul 22 14:48:12 CEST 2014]; root of context hierarchy
INFO  [main] o.s.b.f.xml.XmlBeanDefinitionReader 2014-07-22 14:48:12,134 - Loading XML bean definitions from ServletContext resource [/WEB-INF/context/applicationContext.xml]
INFO  [main] o.s.b.f.s.DefaultListableBeanFactory 2014-07-22 14:48:12,748 - Pre-instantiating singletons in org.springframework.beans.factory.support.DefaultListableBeanFactory@73c0191e: defining beans [messageSource,org.jasig.portlet.widget.service.ThemeNameViewHelperImpl#0,org.jasig.web.service.AjaxPortletSupportService#0,org.jasig.portlet.widget.service.GoogleGadgetService#0,org.jasig.portlet.widget.service.YouTubeService#0,org.springframework.scripting.config.scriptFactoryPostProcessor,dictionaryParsingService,cacheManager,definitionCache,youTubeCache,org.springframework.web.servlet.view.XmlViewResolver#0,jspViewResolver,exceptionResolver]; root of factory hierarchy
INFO  [main] o.s.c.e.EhCacheManagerFactoryBean 2014-07-22 14:48:13,261 - Initializing EhCache CacheManager
INFO  [main] o.s.b.f.xml.XmlBeanDefinitionReader 2014-07-22 14:48:13,349 - Loading XML bean definitions from ServletContext resource [/WEB-INF/context/views.xml]
INFO  [main] o.s.w.c.s.GenericWebApplicationContext 2014-07-22 14:48:13,370 - Refreshing org.springframework.web.context.support.GenericWebApplicationContext@21055e62: startup date [Tue Jul 22 14:48:13 CEST 2014]; parent: Root WebApplicationContext
INFO  [main] o.s.b.f.s.DefaultListableBeanFactory 2014-07-22 14:48:13,374 - Pre-instantiating singletons in org.springframework.beans.factory.support.DefaultListableBeanFactory@36ea4e39: defining beans [jsonView,proxyView]; parent: org.springframework.beans.factory.support.DefaultListableBeanFactory@73c0191e
INFO  [main] o.s.web.context.ContextLoader 2014-07-22 14:48:13,424 - Root WebApplicationContext: initialization completed in 1408 ms
INFO  [main] o.s.web.servlet.DispatcherServlet 2014-07-22 14:48:13,465 - FrameworkServlet 'spring': initialization started
INFO  [main] o.s.w.c.s.XmlWebApplicationContext 2014-07-22 14:48:13,468 - Refreshing WebApplicationContext for namespace 'spring-servlet': startup date [Tue Jul 22 14:48:13 CEST 2014]; parent: Root WebApplicationContext
INFO  [main] o.s.b.f.xml.XmlBeanDefinitionReader 2014-07-22 14:48:13,469 - Loading XML bean definitions from ServletContext resource [/WEB-INF/spring-servlet.xml]
INFO  [main] o.s.b.f.s.DefaultListableBeanFactory 2014-07-22 14:48:13,578 - Pre-instantiating singletons in org.springframework.beans.factory.support.DefaultListableBeanFactory@450617bd: defining beans [dictionaryDataController,googleGadgetListingController,youTubeController,stockDataController,org.springframework.context.annotation.internalConfigurationAnnotationProcessor,org.springframework.context.annotation.internalAutowiredAnnotationProcessor,org.springframework.context.annotation.internalRequiredAnnotationProcessor,org.springframework.context.annotation.internalCommonAnnotationProcessor,org.springframework.web.servlet.mvc.annotation.DefaultAnnotationHandlerMapping#0,org.springframework.web.servlet.mvc.annotation.AnnotationMethodHandlerAdapter#0,org.springframework.context.annotation.ConfigurationClassPostProcessor.importAwareProcessor]; parent: org.springframework.beans.factory.support.DefaultListableBeanFactory@73c0191e
INFO  [main] o.s.w.s.m.a.DefaultAnnotationHandlerMapping 2014-07-22 14:48:13,622 - Mapped URL path [/ajax/dictionary] onto handler 'dictionaryDataController'
INFO  [main] o.s.w.s.m.a.DefaultAnnotationHandlerMapping 2014-07-22 14:48:13,622 - Mapped URL path [/ajax/dictionary.*] onto handler 'dictionaryDataController'
INFO  [main] o.s.w.s.m.a.DefaultAnnotationHandlerMapping 2014-07-22 14:48:13,622 - Mapped URL path [/ajax/dictionary/] onto handler 'dictionaryDataController'
INFO  [main] o.s.w.s.m.a.DefaultAnnotationHandlerMapping 2014-07-22 14:48:13,623 - Mapped URL path [/ajax/gadgets] onto handler 'googleGadgetListingController'
INFO  [main] o.s.w.s.m.a.DefaultAnnotationHandlerMapping 2014-07-22 14:48:13,623 - Mapped URL path [/ajax/gadgets.*] onto handler 'googleGadgetListingController'
INFO  [main] o.s.w.s.m.a.DefaultAnnotationHandlerMapping 2014-07-22 14:48:13,623 - Mapped URL path [/ajax/gadgets/] onto handler 'googleGadgetListingController'
INFO  [main] o.s.w.s.m.a.DefaultAnnotationHandlerMapping 2014-07-22 14:48:13,623 - Mapped URL path [/ajax/youtube] onto handler 'youTubeController'
INFO  [main] o.s.w.s.m.a.DefaultAnnotationHandlerMapping 2014-07-22 14:48:13,623 - Mapped URL path [/ajax/youtube.*] onto handler 'youTubeController'
INFO  [main] o.s.w.s.m.a.DefaultAnnotationHandlerMapping 2014-07-22 14:48:13,623 - Mapped URL path [/ajax/youtube/] onto handler 'youTubeController'
INFO  [main] o.s.w.s.m.a.DefaultAnnotationHandlerMapping 2014-07-22 14:48:13,624 - Mapped URL path [/ajax/stock] onto handler 'stockDataController'
INFO  [main] o.s.w.s.m.a.DefaultAnnotationHandlerMapping 2014-07-22 14:48:13,624 - Mapped URL path [/ajax/stock.*] onto handler 'stockDataController'
INFO  [main] o.s.w.s.m.a.DefaultAnnotationHandlerMapping 2014-07-22 14:48:13,624 - Mapped URL path [/ajax/stock/] onto handler 'stockDataController'
INFO  [main] o.s.web.servlet.DispatcherServlet 2014-07-22 14:48:13,789 - FrameworkServlet 'spring': initialization completed in 324 ms
INFO  [net.sf.ehcache.CacheManager@108f6716] net.sf.ehcache.util.UpdateChecker 2014-07-22 14:48:14,696 - New update(s) found: 2.4.7 [http://www.terracotta.org/confluence/display/release/Release+Notes+Ehcache+Core+2.4]. Please check http://ehcache.org for the latest version.
INFO  [main] o.s.web.context.ContextLoader 2014-07-22 14:51:41,661 - Root WebApplicationContext: initialization started
INFO  [main] o.s.w.c.s.XmlWebApplicationContext 2014-07-22 14:51:41,745 - Refreshing Root WebApplicationContext: startup date [Tue Jul 22 14:51:41 CEST 2014]; root of context hierarchy
INFO  [main] o.s.b.f.xml.XmlBeanDefinitionReader 2014-07-22 14:51:41,793 - Loading XML bean definitions from ServletContext resource [/WEB-INF/context/applicationContext.xml]
INFO  [main] o.s.b.f.s.DefaultListableBeanFactory 2014-07-22 14:51:42,414 - Pre-instantiating singletons in org.springframework.beans.factory.support.DefaultListableBeanFactory@73c0191e: defining beans [messageSource,org.jasig.portlet.widget.service.ThemeNameViewHelperImpl#0,org.jasig.web.service.AjaxPortletSupportService#0,org.jasig.portlet.widget.service.GoogleGadgetService#0,org.jasig.portlet.widget.service.YouTubeService#0,org.springframework.scripting.config.scriptFactoryPostProcessor,dictionaryParsingService,cacheManager,definitionCache,youTubeCache,org.springframework.web.servlet.view.XmlViewResolver#0,jspViewResolver,exceptionResolver]; root of factory hierarchy
INFO  [main] o.s.c.e.EhCacheManagerFactoryBean 2014-07-22 14:51:42,915 - Initializing EhCache CacheManager
INFO  [main] o.s.b.f.xml.XmlBeanDefinitionReader 2014-07-22 14:51:43,006 - Loading XML bean definitions from ServletContext resource [/WEB-INF/context/views.xml]
INFO  [main] o.s.w.c.s.GenericWebApplicationContext 2014-07-22 14:51:43,027 - Refreshing org.springframework.web.context.support.GenericWebApplicationContext@5f9caf98: startup date [Tue Jul 22 14:51:43 CEST 2014]; parent: Root WebApplicationContext
INFO  [main] o.s.b.f.s.DefaultListableBeanFactory 2014-07-22 14:51:43,031 - Pre-instantiating singletons in org.springframework.beans.factory.support.DefaultListableBeanFactory@7a768b9f: defining beans [jsonView,proxyView]; parent: org.springframework.beans.factory.support.DefaultListableBeanFactory@73c0191e
INFO  [main] o.s.web.context.ContextLoader 2014-07-22 14:51:43,083 - Root WebApplicationContext: initialization completed in 1419 ms
INFO  [main] o.s.web.servlet.DispatcherServlet 2014-07-22 14:51:43,126 - FrameworkServlet 'spring': initialization started
INFO  [main] o.s.w.c.s.XmlWebApplicationContext 2014-07-22 14:51:43,130 - Refreshing WebApplicationContext for namespace 'spring-servlet': startup date [Tue Jul 22 14:51:43 CEST 2014]; parent: Root WebApplicationContext
INFO  [main] o.s.b.f.xml.XmlBeanDefinitionReader 2014-07-22 14:51:43,131 - Loading XML bean definitions from ServletContext resource [/WEB-INF/spring-servlet.xml]
INFO  [main] o.s.b.f.s.DefaultListableBeanFactory 2014-07-22 14:51:43,244 - Pre-instantiating singletons in org.springframework.beans.factory.support.DefaultListableBeanFactory@2af13bf1: defining beans [dictionaryDataController,googleGadgetListingController,youTubeController,stockDataController,org.springframework.context.annotation.internalConfigurationAnnotationProcessor,org.springframework.context.annotation.internalAutowiredAnnotationProcessor,org.springframework.context.annotation.internalRequiredAnnotationProcessor,org.springframework.context.annotation.internalCommonAnnotationProcessor,org.springframework.web.servlet.mvc.annotation.DefaultAnnotationHandlerMapping#0,org.springframework.web.servlet.mvc.annotation.AnnotationMethodHandlerAdapter#0,org.springframework.context.annotation.ConfigurationClassPostProcessor.importAwareProcessor]; parent: org.springframework.beans.factory.support.DefaultListableBeanFactory@73c0191e
INFO  [main] o.s.w.s.m.a.DefaultAnnotationHandlerMapping 2014-07-22 14:51:43,290 - Mapped URL path [/ajax/dictionary] onto handler 'dictionaryDataController'
INFO  [main] o.s.w.s.m.a.DefaultAnnotationHandlerMapping 2014-07-22 14:51:43,290 - Mapped URL path [/ajax/dictionary.*] onto handler 'dictionaryDataController'
INFO  [main] o.s.w.s.m.a.DefaultAnnotationHandlerMapping 2014-07-22 14:51:43,290 - Mapped URL path [/ajax/dictionary/] onto handler 'dictionaryDataController'
INFO  [main] o.s.w.s.m.a.DefaultAnnotationHandlerMapping 2014-07-22 14:51:43,291 - Mapped URL path [/ajax/gadgets] onto handler 'googleGadgetListingController'
INFO  [main] o.s.w.s.m.a.DefaultAnnotationHandlerMapping 2014-07-22 14:51:43,291 - Mapped URL path [/ajax/gadgets.*] onto handler 'googleGadgetListingController'
INFO  [main] o.s.w.s.m.a.DefaultAnnotationHandlerMapping 2014-07-22 14:51:43,291 - Mapped URL path [/ajax/gadgets/] onto handler 'googleGadgetListingController'
INFO  [main] o.s.w.s.m.a.DefaultAnnotationHandlerMapping 2014-07-22 14:51:43,291 - Mapped URL path [/ajax/youtube] onto handler 'youTubeController'
INFO  [main] o.s.w.s.m.a.DefaultAnnotationHandlerMapping 2014-07-22 14:51:43,292 - Mapped URL path [/ajax/youtube.*] onto handler 'youTubeController'
INFO  [main] o.s.w.s.m.a.DefaultAnnotationHandlerMapping 2014-07-22 14:51:43,292 - Mapped URL path [/ajax/youtube/] onto handler 'youTubeController'
INFO  [main] o.s.w.s.m.a.DefaultAnnotationHandlerMapping 2014-07-22 14:51:43,292 - Mapped URL path [/ajax/stock] onto handler 'stockDataController'
INFO  [main] o.s.w.s.m.a.DefaultAnnotationHandlerMapping 2014-07-22 14:51:43,292 - Mapped URL path [/ajax/stock.*] onto handler 'stockDataController'
INFO  [main] o.s.w.s.m.a.DefaultAnnotationHandlerMapping 2014-07-22 14:51:43,292 - Mapped URL path [/ajax/stock/] onto handler 'stockDataController'
INFO  [main] o.s.web.servlet.DispatcherServlet 2014-07-22 14:51:43,462 - FrameworkServlet 'spring': initialization completed in 336 ms
INFO  [net.sf.ehcache.CacheManager@36c1d588] net.sf.ehcache.util.UpdateChecker 2014-07-22 14:51:44,355 - New update(s) found: 2.4.7 [http://www.terracotta.org/confluence/display/release/Release+Notes+Ehcache+Core+2.4]. Please check http://ehcache.org for the latest version.
INFO  [main] o.s.web.context.ContextLoader 2014-07-22 14:58:00,701 - Root WebApplicationContext: initialization started
INFO  [main] o.s.w.c.s.XmlWebApplicationContext 2014-07-22 14:58:00,787 - Refreshing Root WebApplicationContext: startup date [Tue Jul 22 14:58:00 CEST 2014]; root of context hierarchy
INFO  [main] o.s.b.f.xml.XmlBeanDefinitionReader 2014-07-22 14:58:00,836 - Loading XML bean definitions from ServletContext resource [/WEB-INF/context/applicationContext.xml]
INFO  [main] o.s.b.f.s.DefaultListableBeanFactory 2014-07-22 14:58:01,461 - Pre-instantiating singletons in org.springframework.beans.factory.support.DefaultListableBeanFactory@1752c491: defining beans [messageSource,org.jasig.portlet.widget.service.ThemeNameViewHelperImpl#0,org.jasig.web.service.AjaxPortletSupportService#0,org.jasig.portlet.widget.service.GoogleGadgetService#0,org.jasig.portlet.widget.service.YouTubeService#0,org.springframework.scripting.config.scriptFactoryPostProcessor,dictionaryParsingService,cacheManager,definitionCache,youTubeCache,org.springframework.web.servlet.view.XmlViewResolver#0,jspViewResolver,exceptionResolver]; root of factory hierarchy
INFO  [main] o.s.c.e.EhCacheManagerFactoryBean 2014-07-22 14:58:01,970 - Initializing EhCache CacheManager
INFO  [main] o.s.b.f.xml.XmlBeanDefinitionReader 2014-07-22 14:58:02,067 - Loading XML bean definitions from ServletContext resource [/WEB-INF/context/views.xml]
INFO  [main] o.s.w.c.s.GenericWebApplicationContext 2014-07-22 14:58:02,088 - Refreshing org.springframework.web.context.support.GenericWebApplicationContext@677784dd: startup date [Tue Jul 22 14:58:02 CEST 2014]; parent: Root WebApplicationContext
INFO  [main] o.s.b.f.s.DefaultListableBeanFactory 2014-07-22 14:58:02,093 - Pre-instantiating singletons in org.springframework.beans.factory.support.DefaultListableBeanFactory@50b59c59: defining beans [jsonView,proxyView]; parent: org.springframework.beans.factory.support.DefaultListableBeanFactory@1752c491
INFO  [main] o.s.web.context.ContextLoader 2014-07-22 14:58:02,163 - Root WebApplicationContext: initialization completed in 1458 ms
INFO  [main] o.s.web.servlet.DispatcherServlet 2014-07-22 14:58:02,213 - FrameworkServlet 'spring': initialization started
INFO  [main] o.s.w.c.s.XmlWebApplicationContext 2014-07-22 14:58:02,216 - Refreshing WebApplicationContext for namespace 'spring-servlet': startup date [Tue Jul 22 14:58:02 CEST 2014]; parent: Root WebApplicationContext
INFO  [main] o.s.b.f.xml.XmlBeanDefinitionReader 2014-07-22 14:58:02,218 - Loading XML bean definitions from ServletContext resource [/WEB-INF/spring-servlet.xml]
INFO  [main] o.s.b.f.s.DefaultListableBeanFactory 2014-07-22 14:58:02,325 - Pre-instantiating singletons in org.springframework.beans.factory.support.DefaultListableBeanFactory@13009cb2: defining beans [dictionaryDataController,googleGadgetListingController,youTubeController,stockDataController,org.springframework.context.annotation.internalConfigurationAnnotationProcessor,org.springframework.context.annotation.internalAutowiredAnnotationProcessor,org.springframework.context.annotation.internalRequiredAnnotationProcessor,org.springframework.context.annotation.internalCommonAnnotationProcessor,org.springframework.web.servlet.mvc.annotation.DefaultAnnotationHandlerMapping#0,org.springframework.web.servlet.mvc.annotation.AnnotationMethodHandlerAdapter#0,org.springframework.context.annotation.ConfigurationClassPostProcessor.importAwareProcessor]; parent: org.springframework.beans.factory.support.DefaultListableBeanFactory@1752c491
INFO  [main] o.s.w.s.m.a.DefaultAnnotationHandlerMapping 2014-07-22 14:58:02,372 - Mapped URL path [/ajax/dictionary] onto handler 'dictionaryDataController'
INFO  [main] o.s.w.s.m.a.DefaultAnnotationHandlerMapping 2014-07-22 14:58:02,373 - Mapped URL path [/ajax/dictionary.*] onto handler 'dictionaryDataController'
INFO  [main] o.s.w.s.m.a.DefaultAnnotationHandlerMapping 2014-07-22 14:58:02,373 - Mapped URL path [/ajax/dictionary/] onto handler 'dictionaryDataController'
INFO  [main] o.s.w.s.m.a.DefaultAnnotationHandlerMapping 2014-07-22 14:58:02,373 - Mapped URL path [/ajax/gadgets] onto handler 'googleGadgetListingController'
INFO  [main] o.s.w.s.m.a.DefaultAnnotationHandlerMapping 2014-07-22 14:58:02,373 - Mapped URL path [/ajax/gadgets.*] onto handler 'googleGadgetListingController'
INFO  [main] o.s.w.s.m.a.DefaultAnnotationHandlerMapping 2014-07-22 14:58:02,374 - Mapped URL path [/ajax/gadgets/] onto handler 'googleGadgetListingController'
INFO  [main] o.s.w.s.m.a.DefaultAnnotationHandlerMapping 2014-07-22 14:58:02,374 - Mapped URL path [/ajax/youtube] onto handler 'youTubeController'
INFO  [main] o.s.w.s.m.a.DefaultAnnotationHandlerMapping 2014-07-22 14:58:02,374 - Mapped URL path [/ajax/youtube.*] onto handler 'youTubeController'
INFO  [main] o.s.w.s.m.a.DefaultAnnotationHandlerMapping 2014-07-22 14:58:02,374 - Mapped URL path [/ajax/youtube/] onto handler 'youTubeController'
INFO  [main] o.s.w.s.m.a.DefaultAnnotationHandlerMapping 2014-07-22 14:58:02,374 - Mapped URL path [/ajax/stock] onto handler 'stockDataController'
INFO  [main] o.s.w.s.m.a.DefaultAnnotationHandlerMapping 2014-07-22 14:58:02,374 - Mapped URL path [/ajax/stock.*] onto handler 'stockDataController'
INFO  [main] o.s.w.s.m.a.DefaultAnnotationHandlerMapping 2014-07-22 14:58:02,374 - Mapped URL path [/ajax/stock/] onto handler 'stockDataController'
INFO  [main] o.s.web.servlet.DispatcherServlet 2014-07-22 14:58:02,565 - FrameworkServlet 'spring': initialization completed in 352 ms
INFO  [net.sf.ehcache.CacheManager@36b8ddd8] net.sf.ehcache.util.UpdateChecker 2014-07-22 14:58:03,405 - New update(s) found: 2.4.7 [http://www.terracotta.org/confluence/display/release/Release+Notes+Ehcache+Core+2.4]. Please check http://ehcache.org for the latest version.
INFO  [main] o.s.web.context.ContextLoader 2014-07-22 15:06:19,244 - Root WebApplicationContext: initialization started
INFO  [main] o.s.w.c.s.XmlWebApplicationContext 2014-07-22 15:06:19,328 - Refreshing Root WebApplicationContext: startup date [Tue Jul 22 15:06:19 CEST 2014]; root of context hierarchy
INFO  [main] o.s.b.f.xml.XmlBeanDefinitionReader 2014-07-22 15:06:19,372 - Loading XML bean definitions from ServletContext resource [/WEB-INF/context/applicationContext.xml]
INFO  [main] o.s.b.f.s.DefaultListableBeanFactory 2014-07-22 15:06:20,009 - Pre-instantiating singletons in org.springframework.beans.factory.support.DefaultListableBeanFactory@73c0191e: defining beans [messageSource,org.jasig.portlet.widget.service.ThemeNameViewHelperImpl#0,org.jasig.web.service.AjaxPortletSupportService#0,org.jasig.portlet.widget.service.GoogleGadgetService#0,org.jasig.portlet.widget.service.YouTubeService#0,org.springframework.scripting.config.scriptFactoryPostProcessor,dictionaryParsingService,cacheManager,definitionCache,youTubeCache,org.springframework.web.servlet.view.XmlViewResolver#0,jspViewResolver,exceptionResolver]; root of factory hierarchy
INFO  [main] o.s.c.e.EhCacheManagerFactoryBean 2014-07-22 15:06:20,520 - Initializing EhCache CacheManager
INFO  [main] o.s.b.f.xml.XmlBeanDefinitionReader 2014-07-22 15:06:20,610 - Loading XML bean definitions from ServletContext resource [/WEB-INF/context/views.xml]
INFO  [main] o.s.w.c.s.GenericWebApplicationContext 2014-07-22 15:06:20,631 - Refreshing org.springframework.web.context.support.GenericWebApplicationContext@1fb1aeaa: startup date [Tue Jul 22 15:06:20 CEST 2014]; parent: Root WebApplicationContext
INFO  [main] o.s.b.f.s.DefaultListableBeanFactory 2014-07-22 15:06:20,635 - Pre-instantiating singletons in org.springframework.beans.factory.support.DefaultListableBeanFactory@3f7cd159: defining beans [jsonView,proxyView]; parent: org.springframework.beans.factory.support.DefaultListableBeanFactory@73c0191e
INFO  [main] o.s.web.context.ContextLoader 2014-07-22 15:06:20,686 - Root WebApplicationContext: initialization completed in 1439 ms
INFO  [main] o.s.web.servlet.DispatcherServlet 2014-07-22 15:06:20,737 - FrameworkServlet 'spring': initialization started
INFO  [main] o.s.w.c.s.XmlWebApplicationContext 2014-07-22 15:06:20,740 - Refreshing WebApplicationContext for namespace 'spring-servlet': startup date [Tue Jul 22 15:06:20 CEST 2014]; parent: Root WebApplicationContext
INFO  [main] o.s.b.f.xml.XmlBeanDefinitionReader 2014-07-22 15:06:20,741 - Loading XML bean definitions from ServletContext resource [/WEB-INF/spring-servlet.xml]
INFO  [main] o.s.b.f.s.DefaultListableBeanFactory 2014-07-22 15:06:20,854 - Pre-instantiating singletons in org.springframework.beans.factory.support.DefaultListableBeanFactory@45ca0e75: defining beans [dictionaryDataController,googleGadgetListingController,youTubeController,stockDataController,org.springframework.context.annotation.internalConfigurationAnnotationProcessor,org.springframework.context.annotation.internalAutowiredAnnotationProcessor,org.springframework.context.annotation.internalRequiredAnnotationProcessor,org.springframework.context.annotation.internalCommonAnnotationProcessor,org.springframework.web.servlet.mvc.annotation.DefaultAnnotationHandlerMapping#0,org.springframework.web.servlet.mvc.annotation.AnnotationMethodHandlerAdapter#0,org.springframework.context.annotation.ConfigurationClassPostProcessor.importAwareProcessor]; parent: org.springframework.beans.factory.support.DefaultListableBeanFactory@73c0191e
INFO  [main] o.s.w.s.m.a.DefaultAnnotationHandlerMapping 2014-07-22 15:06:20,901 - Mapped URL path [/ajax/dictionary] onto handler 'dictionaryDataController'
INFO  [main] o.s.w.s.m.a.DefaultAnnotationHandlerMapping 2014-07-22 15:06:20,901 - Mapped URL path [/ajax/dictionary.*] onto handler 'dictionaryDataController'
INFO  [main] o.s.w.s.m.a.DefaultAnnotationHandlerMapping 2014-07-22 15:06:20,901 - Mapped URL path [/ajax/dictionary/] onto handler 'dictionaryDataController'
INFO  [main] o.s.w.s.m.a.DefaultAnnotationHandlerMapping 2014-07-22 15:06:20,902 - Mapped URL path [/ajax/gadgets] onto handler 'googleGadgetListingController'
INFO  [main] o.s.w.s.m.a.DefaultAnnotationHandlerMapping 2014-07-22 15:06:20,902 - Mapped URL path [/ajax/gadgets.*] onto handler 'googleGadgetListingController'
INFO  [main] o.s.w.s.m.a.DefaultAnnotationHandlerMapping 2014-07-22 15:06:20,902 - Mapped URL path [/ajax/gadgets/] onto handler 'googleGadgetListingController'
INFO  [main] o.s.w.s.m.a.DefaultAnnotationHandlerMapping 2014-07-22 15:06:20,902 - Mapped URL path [/ajax/youtube] onto handler 'youTubeController'
INFO  [main] o.s.w.s.m.a.DefaultAnnotationHandlerMapping 2014-07-22 15:06:20,902 - Mapped URL path [/ajax/youtube.*] onto handler 'youTubeController'
INFO  [main] o.s.w.s.m.a.DefaultAnnotationHandlerMapping 2014-07-22 15:06:20,902 - Mapped URL path [/ajax/youtube/] onto handler 'youTubeController'
INFO  [main] o.s.w.s.m.a.DefaultAnnotationHandlerMapping 2014-07-22 15:06:20,903 - Mapped URL path [/ajax/stock] onto handler 'stockDataController'
INFO  [main] o.s.w.s.m.a.DefaultAnnotationHandlerMapping 2014-07-22 15:06:20,903 - Mapped URL path [/ajax/stock.*] onto handler 'stockDataController'
INFO  [main] o.s.w.s.m.a.DefaultAnnotationHandlerMapping 2014-07-22 15:06:20,903 - Mapped URL path [/ajax/stock/] onto handler 'stockDataController'
INFO  [main] o.s.web.servlet.DispatcherServlet 2014-07-22 15:06:21,073 - FrameworkServlet 'spring': initialization completed in 336 ms
INFO  [net.sf.ehcache.CacheManager@735d537e] net.sf.ehcache.util.UpdateChecker 2014-07-22 15:06:21,954 - New update(s) found: 2.4.7 [http://www.terracotta.org/confluence/display/release/Release+Notes+Ehcache+Core+2.4]. Please check http://ehcache.org for the latest version.
INFO  [main] o.s.web.context.ContextLoader 2014-07-22 15:08:28,423 - Root WebApplicationContext: initialization started
INFO  [main] o.s.w.c.s.XmlWebApplicationContext 2014-07-22 15:08:28,505 - Refreshing Root WebApplicationContext: startup date [Tue Jul 22 15:08:28 CEST 2014]; root of context hierarchy
INFO  [main] o.s.b.f.xml.XmlBeanDefinitionReader 2014-07-22 15:08:28,553 - Loading XML bean definitions from ServletContext resource [/WEB-INF/context/applicationContext.xml]
INFO  [main] o.s.b.f.s.DefaultListableBeanFactory 2014-07-22 15:08:29,175 - Pre-instantiating singletons in org.springframework.beans.factory.support.DefaultListableBeanFactory@48b13bf0: defining beans [messageSource,org.jasig.portlet.widget.service.ThemeNameViewHelperImpl#0,org.jasig.web.service.AjaxPortletSupportService#0,org.jasig.portlet.widget.service.GoogleGadgetService#0,org.jasig.portlet.widget.service.YouTubeService#0,org.springframework.scripting.config.scriptFactoryPostProcessor,dictionaryParsingService,cacheManager,definitionCache,youTubeCache,org.springframework.web.servlet.view.XmlViewResolver#0,jspViewResolver,exceptionResolver]; root of factory hierarchy
INFO  [main] o.s.c.e.EhCacheManagerFactoryBean 2014-07-22 15:08:29,681 - Initializing EhCache CacheManager
INFO  [main] o.s.b.f.xml.XmlBeanDefinitionReader 2014-07-22 15:08:29,773 - Loading XML bean definitions from ServletContext resource [/WEB-INF/context/views.xml]
INFO  [main] o.s.w.c.s.GenericWebApplicationContext 2014-07-22 15:08:29,794 - Refreshing org.springframework.web.context.support.GenericWebApplicationContext@57ed5a07: startup date [Tue Jul 22 15:08:29 CEST 2014]; parent: Root WebApplicationContext
INFO  [main] o.s.b.f.s.DefaultListableBeanFactory 2014-07-22 15:08:29,798 - Pre-instantiating singletons in org.springframework.beans.factory.support.DefaultListableBeanFactory@5c413eb8: defining beans [jsonView,proxyView]; parent: org.springframework.beans.factory.support.DefaultListableBeanFactory@48b13bf0
INFO  [main] o.s.web.context.ContextLoader 2014-07-22 15:08:29,849 - Root WebApplicationContext: initialization completed in 1423 ms
INFO  [main] o.s.web.servlet.DispatcherServlet 2014-07-22 15:08:29,892 - FrameworkServlet 'spring': initialization started
INFO  [main] o.s.w.c.s.XmlWebApplicationContext 2014-07-22 15:08:29,896 - Refreshing WebApplicationContext for namespace 'spring-servlet': startup date [Tue Jul 22 15:08:29 CEST 2014]; parent: Root WebApplicationContext
INFO  [main] o.s.b.f.xml.XmlBeanDefinitionReader 2014-07-22 15:08:29,897 - Loading XML bean definitions from ServletContext resource [/WEB-INF/spring-servlet.xml]
INFO  [main] o.s.b.f.s.DefaultListableBeanFactory 2014-07-22 15:08:30,008 - Pre-instantiating singletons in org.springframework.beans.factory.support.DefaultListableBeanFactory@4396613d: defining beans [dictionaryDataController,googleGadgetListingController,youTubeController,stockDataController,org.springframework.context.annotation.internalConfigurationAnnotationProcessor,org.springframework.context.annotation.internalAutowiredAnnotationProcessor,org.springframework.context.annotation.internalRequiredAnnotationProcessor,org.springframework.context.annotation.internalCommonAnnotationProcessor,org.springframework.web.servlet.mvc.annotation.DefaultAnnotationHandlerMapping#0,org.springframework.web.servlet.mvc.annotation.AnnotationMethodHandlerAdapter#0,org.springframework.context.annotation.ConfigurationClassPostProcessor.importAwareProcessor]; parent: org.springframework.beans.factory.support.DefaultListableBeanFactory@48b13bf0
INFO  [main] o.s.w.s.m.a.DefaultAnnotationHandlerMapping 2014-07-22 15:08:30,054 - Mapped URL path [/ajax/dictionary] onto handler 'dictionaryDataController'
INFO  [main] o.s.w.s.m.a.DefaultAnnotationHandlerMapping 2014-07-22 15:08:30,054 - Mapped URL path [/ajax/dictionary.*] onto handler 'dictionaryDataController'
INFO  [main] o.s.w.s.m.a.DefaultAnnotationHandlerMapping 2014-07-22 15:08:30,055 - Mapped URL path [/ajax/dictionary/] onto handler 'dictionaryDataController'
INFO  [main] o.s.w.s.m.a.DefaultAnnotationHandlerMapping 2014-07-22 15:08:30,055 - Mapped URL path [/ajax/gadgets] onto handler 'googleGadgetListingController'
INFO  [main] o.s.w.s.m.a.DefaultAnnotationHandlerMapping 2014-07-22 15:08:30,055 - Mapped URL path [/ajax/gadgets.*] onto handler 'googleGadgetListingController'
INFO  [main] o.s.w.s.m.a.DefaultAnnotationHandlerMapping 2014-07-22 15:08:30,055 - Mapped URL path [/ajax/gadgets/] onto handler 'googleGadgetListingController'
INFO  [main] o.s.w.s.m.a.DefaultAnnotationHandlerMapping 2014-07-22 15:08:30,056 - Mapped URL path [/ajax/youtube] onto handler 'youTubeController'
INFO  [main] o.s.w.s.m.a.DefaultAnnotationHandlerMapping 2014-07-22 15:08:30,056 - Mapped URL path [/ajax/youtube.*] onto handler 'youTubeController'
INFO  [main] o.s.w.s.m.a.DefaultAnnotationHandlerMapping 2014-07-22 15:08:30,056 - Mapped URL path [/ajax/youtube/] onto handler 'youTubeController'
INFO  [main] o.s.w.s.m.a.DefaultAnnotationHandlerMapping 2014-07-22 15:08:30,056 - Mapped URL path [/ajax/stock] onto handler 'stockDataController'
INFO  [main] o.s.w.s.m.a.DefaultAnnotationHandlerMapping 2014-07-22 15:08:30,056 - Mapped URL path [/ajax/stock.*] onto handler 'stockDataController'
INFO  [main] o.s.w.s.m.a.DefaultAnnotationHandlerMapping 2014-07-22 15:08:30,056 - Mapped URL path [/ajax/stock/] onto handler 'stockDataController'
INFO  [main] o.s.web.servlet.DispatcherServlet 2014-07-22 15:08:30,228 - FrameworkServlet 'spring': initialization completed in 335 ms
INFO  [net.sf.ehcache.CacheManager@7dbeb500] net.sf.ehcache.util.UpdateChecker 2014-07-22 15:08:31,119 - New update(s) found: 2.4.7 [http://www.terracotta.org/confluence/display/release/Release+Notes+Ehcache+Core+2.4]. Please check http://ehcache.org for the latest version.
