Jul 01, 2014 5:50:11 PM org.apache.catalina.core.ApplicationContext log
Information: Set web app root system property: 'announcements.root' = [/home/saher/uportal/uPortal-4.0.14-quick-start/apache-tomcat-6.0.35/webapps/Announcements/]
Jul 01, 2014 5:50:11 PM org.apache.catalina.core.ApplicationContext log
Information: Set web app root system property: 'announcements.root' = [/home/saher/uportal/uPortal-4.0.14-quick-start/apache-tomcat-6.0.35/webapps/Announcements/]
Jul 01, 2014 5:50:11 PM org.apache.catalina.core.ApplicationContext log
Information: Initializing log4j from [/home/saher/uportal/uPortal-4.0.14-quick-start/apache-tomcat-6.0.35/webapps/Announcements/WEB-INF/classes/log4j.properties]
Jul 01, 2014 5:50:11 PM org.apache.catalina.core.ApplicationContext log
Information: Initializing Spring root WebApplicationContext
Jul 01, 2014 5:50:15 PM org.apache.catalina.core.ApplicationContext log
Information: Initializing log4j from [classpath:log4j.properties]
Jul 01, 2014 5:50:15 PM org.apache.catalina.core.ApplicationContext log
Information: Initializing Spring root WebApplicationContext
Jul 01, 2014 5:50:15 PM org.apache.catalina.core.ApplicationContext log
Information: Set web app root system property: 'news.root' = [/home/saher/uportal/uPortal-4.0.14-quick-start/apache-tomcat-6.0.35/webapps/NewsReaderPortlet/]
Jul 01, 2014 5:50:15 PM org.apache.catalina.core.ApplicationContext log
Information: Initializing log4j from [/home/saher/uportal/uPortal-4.0.14-quick-start/apache-tomcat-6.0.35/webapps/NewsReaderPortlet/WEB-INF/classes/log4j.properties]
Jul 01, 2014 5:50:15 PM org.apache.catalina.core.ApplicationContext log
Information: Initializing Spring root WebApplicationContext
Jul 01, 2014 5:50:18 PM org.apache.catalina.core.ApplicationContext log
Information: Set web app root system property: 'jasig-widgets.webapp.root' = [/home/saher/uportal/uPortal-4.0.14-quick-start/apache-tomcat-6.0.35/webapps/jasig-widget-portlets/]
Jul 01, 2014 5:50:18 PM org.apache.catalina.core.ApplicationContext log
Information: Initializing Spring root WebApplicationContext
Jul 01, 2014 5:50:19 PM org.apache.catalina.core.ApplicationContext log
Information: Initializing Spring FrameworkServlet 'spring'
Jul 01, 2014 5:50:20 PM org.apache.catalina.core.ApplicationContext log
Information: Set web app root system property: 'simplecms.root' = [/home/saher/uportal/uPortal-4.0.14-quick-start/apache-tomcat-6.0.35/webapps/SimpleContentPortlet/]
Jul 01, 2014 5:50:20 PM org.apache.catalina.core.ApplicationContext log
Information: Set web app root system property: 'simplecms.root' = [/home/saher/uportal/uPortal-4.0.14-quick-start/apache-tomcat-6.0.35/webapps/SimpleContentPortlet/]
Jul 01, 2014 5:50:20 PM org.apache.catalina.core.ApplicationContext log
Information: Initializing log4j from [/home/saher/uportal/uPortal-4.0.14-quick-start/apache-tomcat-6.0.35/webapps/SimpleContentPortlet/WEB-INF/classes/log4j.properties]
Jul 01, 2014 5:50:20 PM org.apache.catalina.core.ApplicationContext log
Information: Initializing Spring root WebApplicationContext
Jul 01, 2014 5:50:22 PM org.apache.catalina.core.ApplicationContext log
Information: Initializing Spring FrameworkServlet 'Spring MVC Dispatcher Servlet'
Jul 01, 2014 5:50:23 PM org.apache.catalina.core.ApplicationContext log
Information: Set web app root system property: 'webproxy.root' = [/home/saher/uportal/uPortal-4.0.14-quick-start/apache-tomcat-6.0.35/webapps/WebProxyPortlet/]
Jul 01, 2014 5:50:23 PM org.apache.catalina.core.ApplicationContext log
Information: Initializing Spring root WebApplicationContext
Jul 01, 2014 5:50:25 PM org.apache.catalina.core.ApplicationContext log
Information: Set web app root system property: 'calendar.root' = [/home/saher/uportal/uPortal-4.0.14-quick-start/apache-tomcat-6.0.35/webapps/CalendarPortlet/]
Jul 01, 2014 5:50:25 PM org.apache.catalina.core.ApplicationContext log
Information: Set web app root system property: 'calendar.root' = [/home/saher/uportal/uPortal-4.0.14-quick-start/apache-tomcat-6.0.35/webapps/CalendarPortlet/]
Jul 01, 2014 5:50:25 PM org.apache.catalina.core.ApplicationContext log
Information: Initializing log4j from [/home/saher/uportal/uPortal-4.0.14-quick-start/apache-tomcat-6.0.35/webapps/CalendarPortlet/WEB-INF/classes/portlet-logging.properties]
Jul 01, 2014 5:50:25 PM org.apache.catalina.core.ApplicationContext log
Information: Initializing Spring root WebApplicationContext
Jul 01, 2014 5:50:27 PM org.apache.catalina.core.ApplicationContext log
Information: Initializing Spring FrameworkServlet 'spring'
Jul 01, 2014 5:50:27 PM org.apache.catalina.core.ApplicationContext log
Information: Initializing Spring root WebApplicationContext
Jul 01, 2014 5:50:30 PM org.apache.catalina.core.ApplicationContext log
Information: Initializing Spring FrameworkServlet 'cas'
Jul 01, 2014 5:50:30 PM org.apache.catalina.core.ApplicationContext log
Information: Set web app root system property: 'email-preview.webapp.root' = [/home/saher/uportal/uPortal-4.0.14-quick-start/apache-tomcat-6.0.35/webapps/email-preview/]
Jul 01, 2014 5:50:30 PM org.apache.catalina.core.ApplicationContext log
Information: Initializing Spring root WebApplicationContext
Jul 01, 2014 5:50:31 PM org.apache.catalina.core.ApplicationContext log
Information: Set web app root system property: 'notification.root' = [/home/saher/uportal/uPortal-4.0.14-quick-start/apache-tomcat-6.0.35/webapps/NotificationPortlet/]
Jul 01, 2014 5:50:31 PM org.apache.catalina.core.ApplicationContext log
Information: Set web app root system property: 'notification.root' = [/home/saher/uportal/uPortal-4.0.14-quick-start/apache-tomcat-6.0.35/webapps/NotificationPortlet/]
Jul 01, 2014 5:50:31 PM org.apache.catalina.core.ApplicationContext log
Information: Initializing log4j from [/home/saher/uportal/uPortal-4.0.14-quick-start/apache-tomcat-6.0.35/webapps/NotificationPortlet/WEB-INF/classes/log4j.properties]
Jul 01, 2014 5:50:31 PM org.apache.catalina.core.ApplicationContext log
Information: Initializing Spring root WebApplicationContext
Jul 01, 2014 5:50:32 PM org.apache.catalina.core.ApplicationContext log
Information: Initializing log4j from [/home/saher/uportal/uPortal-4.0.14-quick-start/apache-tomcat-6.0.35/webapps/uPortal/WEB-INF/log4j.properties]
Jul 01, 2014 5:50:32 PM org.apache.catalina.core.ApplicationContext log
Information: Initializing Spring root WebApplicationContext
Jul 01, 2014 5:50:34 PM org.apache.catalina.core.StandardContext listenerStart
Schwerwiegend: Exception sending context initialized event to listener instance of class org.springframework.web.context.ContextLoaderListener
org.springframework.beans.factory.BeanDefinitionStoreException: Invalid bean definition with name 'themeTransformComponent' defined in file [/home/saher/uportal/uPortal-4.0.14-quick-start/apache-tomcat-6.0.35/webapps/uPortal/WEB-INF/classes/properties/contexts/renderingPipelineContext.xml]: Could not resolve placeholder 'environment.build.cas.protocol' in string value "${environment.build.cas.protocol}://${environment.build.cas.server}/cas/login?service=${environment.build.uportal.protocol}://${environment.build.uportal.server}${environment.build.uportal.context}/Login"
	at org.springframework.beans.factory.config.PlaceholderConfigurerSupport.doProcessProperties(PlaceholderConfigurerSupport.java:209)
	at org.springframework.context.support.PropertySourcesPlaceholderConfigurer.processProperties(PropertySourcesPlaceholderConfigurer.java:174)
	at org.springframework.context.support.PropertySourcesPlaceholderConfigurer.postProcessBeanFactory(PropertySourcesPlaceholderConfigurer.java:151)
	at org.springframework.context.support.AbstractApplicationContext.invokeBeanFactoryPostProcessors(AbstractApplicationContext.java:687)
	at org.springframework.context.support.AbstractApplicationContext.invokeBeanFactoryPostProcessors(AbstractApplicationContext.java:662)
	at org.springframework.context.support.AbstractApplicationContext.refresh(AbstractApplicationContext.java:454)
	at org.springframework.web.context.ContextLoader.configureAndRefreshWebApplicationContext(ContextLoader.java:388)
	at org.springframework.web.context.ContextLoader.initWebApplicationContext(ContextLoader.java:293)
	at org.springframework.web.context.ContextLoaderListener.contextInitialized(ContextLoaderListener.java:111)
	at org.apache.catalina.core.StandardContext.listenerStart(StandardContext.java:4206)
	at org.apache.catalina.core.StandardContext.start(StandardContext.java:4705)
	at org.apache.catalina.core.ContainerBase.addChildInternal(ContainerBase.java:799)
	at org.apache.catalina.core.ContainerBase.addChild(ContainerBase.java:779)
	at org.apache.catalina.core.StandardHost.addChild(StandardHost.java:601)
	at org.apache.catalina.startup.HostConfig.deployDirectory(HostConfig.java:1079)
	at org.apache.catalina.startup.HostConfig.deployDirectories(HostConfig.java:1002)
	at org.apache.catalina.startup.HostConfig.deployApps(HostConfig.java:506)
	at org.apache.catalina.startup.HostConfig.start(HostConfig.java:1317)
	at org.apache.catalina.startup.HostConfig.lifecycleEvent(HostConfig.java:324)
	at org.apache.catalina.util.LifecycleSupport.fireLifecycleEvent(LifecycleSupport.java:142)
	at org.apache.catalina.core.ContainerBase.start(ContainerBase.java:1065)
	at org.apache.catalina.core.StandardHost.start(StandardHost.java:840)
	at org.apache.catalina.core.ContainerBase.start(ContainerBase.java:1057)
	at org.apache.catalina.core.StandardEngine.start(StandardEngine.java:463)
	at org.apache.catalina.core.StandardService.start(StandardService.java:525)
	at org.apache.catalina.core.StandardServer.start(StandardServer.java:754)
	at org.apache.catalina.startup.Catalina.start(Catalina.java:595)
	at sun.reflect.NativeMethodAccessorImpl.invoke0(Native Method)
	at sun.reflect.NativeMethodAccessorImpl.invoke(NativeMethodAccessorImpl.java:57)
	at sun.reflect.DelegatingMethodAccessorImpl.invoke(DelegatingMethodAccessorImpl.java:43)
	at java.lang.reflect.Method.invoke(Method.java:606)
	at org.apache.catalina.startup.Bootstrap.start(Bootstrap.java:289)
	at org.apache.catalina.startup.Bootstrap.main(Bootstrap.java:414)

Jul 01, 2014 5:50:34 PM org.apache.catalina.core.ApplicationContext log
Information: Closing Spring root WebApplicationContext
Jul 01, 2014 5:50:34 PM org.apache.catalina.core.ApplicationContext log
Information: Shutting down log4j
Jul 01, 2014 5:50:35 PM org.apache.catalina.core.ApplicationContext log
Information: Set web app root system property: 'WeatherPortlet.webapp.root' = [/home/saher/uportal/uPortal-4.0.14-quick-start/apache-tomcat-6.0.35/webapps/WeatherPortlet/]
Jul 01, 2014 5:50:35 PM org.apache.catalina.core.ApplicationContext log
Information: Initializing Spring root WebApplicationContext
Jul 01, 2014 5:50:36 PM org.apache.catalina.core.ApplicationContext log
Information: Initializing Spring FrameworkServlet 'AjaxServlet'
Jul 01, 2014 5:50:36 PM org.apache.catalina.core.ApplicationContext log
Information: Set web app root system property: 'webapp.root' = [/home/saher/uportal/uPortal-4.0.14-quick-start/apache-tomcat-6.0.35/webapps/FunctionalTestsPortlet/]
Jul 01, 2014 5:50:36 PM org.apache.catalina.core.ApplicationContext log
Information: Initializing log4j from [/home/saher/uportal/uPortal-4.0.14-quick-start/apache-tomcat-6.0.35/webapps/FunctionalTestsPortlet/WEB-INF/log4j.properties]
Jul 01, 2014 5:50:37 PM org.apache.catalina.core.ApplicationContext log
Information: Initializing Spring root WebApplicationContext
Jul 01, 2014 5:50:38 PM org.apache.catalina.core.ApplicationContext log
Information: Set web app root system property: 'bookmarks.root' = [/home/saher/uportal/uPortal-4.0.14-quick-start/apache-tomcat-6.0.35/webapps/BookmarksPortlet/]
Jul 01, 2014 5:50:38 PM org.apache.catalina.core.ApplicationContext log
Information: Set web app root system property: 'bookmarks.root' = [/home/saher/uportal/uPortal-4.0.14-quick-start/apache-tomcat-6.0.35/webapps/BookmarksPortlet/]
Jul 01, 2014 5:50:38 PM org.apache.catalina.core.ApplicationContext log
Information: Initializing Log4J from [/home/saher/uportal/uPortal-4.0.14-quick-start/apache-tomcat-6.0.35/webapps/BookmarksPortlet/WEB-INF/log4j.properties]
Jul 01, 2014 5:50:38 PM org.apache.catalina.core.ApplicationContext log
Information: Initializing Spring root WebApplicationContext
Jul 01, 2014 5:55:21 PM org.apache.catalina.core.ApplicationContext log
Information: Closing Spring root WebApplicationContext
Jul 01, 2014 5:55:21 PM org.apache.catalina.core.ApplicationContext log
Information: Closing Spring root WebApplicationContext
Jul 01, 2014 5:55:21 PM org.apache.catalina.core.ApplicationContext log
Information: Shutting down log4j
Jul 01, 2014 5:55:21 PM org.apache.catalina.core.ApplicationContext log
Information: Destroying Spring FrameworkServlet 'Spring MVC Dispatcher Servlet'
Jul 01, 2014 5:55:21 PM org.apache.catalina.core.ApplicationContext log
Information: Closing Spring root WebApplicationContext
Jul 01, 2014 5:55:21 PM org.apache.catalina.core.ApplicationContext log
Information: Shutting down log4j
Jul 01, 2014 5:55:21 PM org.apache.catalina.core.ApplicationContext log
Information: Destroying Spring FrameworkServlet 'AjaxServlet'
Jul 01, 2014 5:55:21 PM org.apache.catalina.core.ApplicationContext log
Information: Closing Spring root WebApplicationContext
Jul 01, 2014 5:55:21 PM org.apache.catalina.core.ApplicationContext log
Information: Closing Spring root WebApplicationContext
Jul 01, 2014 5:55:21 PM org.apache.catalina.core.ApplicationContext log
Information: Shutting down log4j
Jul 01, 2014 5:55:21 PM org.apache.catalina.core.ApplicationContext log
Information: Destroying Spring FrameworkServlet 'spring'
Jul 01, 2014 5:55:21 PM org.apache.catalina.core.ApplicationContext log
Information: Closing Spring root WebApplicationContext
Jul 01, 2014 5:55:21 PM org.apache.catalina.core.ApplicationContext log
Information: Shutting down log4j
Jul 01, 2014 5:55:22 PM org.apache.catalina.core.ApplicationContext log
Information: Closing Spring root WebApplicationContext
Jul 01, 2014 5:55:22 PM org.apache.catalina.core.ApplicationContext log
Information: Destroying Spring FrameworkServlet 'spring'
Jul 01, 2014 5:55:22 PM org.apache.catalina.core.ApplicationContext log
Information: Closing Spring root WebApplicationContext
Jul 01, 2014 5:55:22 PM org.apache.catalina.core.ApplicationContext log
Information: Closing Spring root WebApplicationContext
Jul 01, 2014 5:55:22 PM org.apache.catalina.core.ApplicationContext log
Information: Closing Spring root WebApplicationContext
Jul 01, 2014 5:55:22 PM org.apache.catalina.core.ApplicationContext log
Information: Shutting down log4j
Jul 01, 2014 5:55:22 PM org.apache.catalina.core.ApplicationContext log
Information: Closing Spring root WebApplicationContext
Jul 01, 2014 5:55:22 PM org.apache.catalina.core.ApplicationContext log
Information: Shutting down Log4J
Jul 01, 2014 5:55:23 PM org.apache.catalina.core.ApplicationContext log
Information: Closing Spring root WebApplicationContext
Jul 01, 2014 5:55:23 PM org.apache.catalina.core.ApplicationContext log
Information: Shutting down log4j
Jul 01, 2014 5:55:23 PM org.apache.catalina.core.ApplicationContext log
Information: Closing Spring root WebApplicationContext
Jul 01, 2014 5:55:23 PM org.apache.catalina.core.ApplicationContext log
Information: Shutting down log4j
