 INFO [main] context.ContextLoader.[] 2014-07-01 17:50:31,870 - Root WebApplicationContext: initialization started
 INFO [main] support.XmlWebApplicationContext.[] 2014-07-01 17:50:31,917 - Refreshing Root WebApplicationContext: startup date [Tue Jul 01 17:50:31 CEST 2014]; root of context hierarchy
 INFO [main] xml.XmlBeanDefinitionReader.[] 2014-07-01 17:50:31,951 - Loading XML bean definitions from ServletContext resource [/WEB-INF/context/applicationContext.xml]
 INFO [main] config.PropertyPlaceholderConfigurer.[] 2014-07-01 17:50:32,136 - Loading properties file from class path resource [configuration.properties]
 INFO [main] support.DefaultListableBeanFactory.[] 2014-07-01 17:50:32,162 - Pre-instantiating singletons in org.springframework.beans.factory.support.DefaultListableBeanFactory@12332553: defining beans [org.springframework.context.annotation.internalConfigurationAnnotationProcessor,org.springframework.context.annotation.internalAutowiredAnnotationProcessor,org.springframework.context.annotation.internalRequiredAnnotationProcessor,org.springframework.context.annotation.internalCommonAnnotationProcessor,usernameFinder,propertyConfigurer,messageSource,cacheManager,notificationResponseCache,jspViewResolver,xmlViewResolver,defaultExceptionHandlerTemplate,classLoaderResourceNotificationService,ClassLoaderResourceNotificationService.responseCache,romeNotificationService,RomeNotificationService.feedCache,restfulJsonNotificationService,httpConnectionManager,httpClient,portletEventNotificationService,PortletEventNotificationService.responseCache,demoNotifications,demoEmergencyAlerts,org.springframework.context.annotation.ConfigurationClassPostProcessor.importAwareProcessor]; root of factory hierarchy
 INFO [main] ehcache.EhCacheManagerFactoryBean.[] 2014-07-01 17:50:32,171 - Initializing EHCache CacheManager
 INFO [main] xml.XmlBeanDefinitionReader.[] 2014-07-01 17:50:32,290 - Loading XML bean definitions from ServletContext resource [/WEB-INF/views.xml]
 INFO [main] support.GenericWebApplicationContext.[] 2014-07-01 17:50:32,311 - Refreshing org.springframework.web.context.support.GenericWebApplicationContext@6c54cc6a: startup date [Tue Jul 01 17:50:32 CEST 2014]; parent: Root WebApplicationContext
 INFO [main] support.DefaultListableBeanFactory.[] 2014-07-01 17:50:32,314 - Pre-instantiating singletons in org.springframework.beans.factory.support.DefaultListableBeanFactory@16949602: defining beans [org.springframework.context.annotation.internalConfigurationAnnotationProcessor,org.springframework.context.annotation.internalAutowiredAnnotationProcessor,org.springframework.context.annotation.internalRequiredAnnotationProcessor,org.springframework.context.annotation.internalCommonAnnotationProcessor,json,org.springframework.context.annotation.ConfigurationClassPostProcessor.importAwareProcessor]; parent: org.springframework.beans.factory.support.DefaultListableBeanFactory@12332553
 INFO [main] context.ContextLoader.[] 2014-07-01 17:50:32,591 - Root WebApplicationContext: initialization completed in 720 ms
 INFO [net.sf.ehcache.CacheManager@2f95aafa] util.UpdateChecker.[] 2014-07-01 17:50:33,611 - This is the latest GA release.
 INFO [net.sf.ehcache.CacheManager@2f95aafa] util.UpdateChecker.[] 2014-07-01 17:50:33,612 - New update(s) found: 2.6.5 [http://www.terracotta.org/confluence/display/release/Release+Notes+Ehcache+Core+2.6]. Please check http://ehcache.org for the latest version.
 INFO [main] support.XmlWebApplicationContext.[] 2014-07-01 17:55:21,683 - Closing Root WebApplicationContext: startup date [Tue Jul 01 17:50:31 CEST 2014]; root of context hierarchy
 INFO [main] support.DefaultListableBeanFactory.[] 2014-07-01 17:55:21,684 - Destroying singletons in org.springframework.beans.factory.support.DefaultListableBeanFactory@12332553: defining beans [org.springframework.context.annotation.internalConfigurationAnnotationProcessor,org.springframework.context.annotation.internalAutowiredAnnotationProcessor,org.springframework.context.annotation.internalRequiredAnnotationProcessor,org.springframework.context.annotation.internalCommonAnnotationProcessor,usernameFinder,propertyConfigurer,messageSource,cacheManager,notificationResponseCache,jspViewResolver,xmlViewResolver,defaultExceptionHandlerTemplate,classLoaderResourceNotificationService,ClassLoaderResourceNotificationService.responseCache,romeNotificationService,RomeNotificationService.feedCache,restfulJsonNotificationService,httpConnectionManager,httpClient,portletEventNotificationService,PortletEventNotificationService.responseCache,demoNotifications,demoEmergencyAlerts,org.springframework.context.annotation.ConfigurationClassPostProcessor.importAwareProcessor]; root of factory hierarchy
 INFO [main] support.GenericWebApplicationContext.[] 2014-07-01 17:55:21,685 - Closing org.springframework.web.context.support.GenericWebApplicationContext@6c54cc6a: startup date [Tue Jul 01 17:50:32 CEST 2014]; parent: Root WebApplicationContext
 INFO [main] support.DefaultListableBeanFactory.[] 2014-07-01 17:55:21,685 - Destroying singletons in org.springframework.beans.factory.support.DefaultListableBeanFactory@16949602: defining beans [org.springframework.context.annotation.internalConfigurationAnnotationProcessor,org.springframework.context.annotation.internalAutowiredAnnotationProcessor,org.springframework.context.annotation.internalRequiredAnnotationProcessor,org.springframework.context.annotation.internalCommonAnnotationProcessor,json,org.springframework.context.annotation.ConfigurationClassPostProcessor.importAwareProcessor]; parent: org.springframework.beans.factory.support.DefaultListableBeanFactory@12332553
 INFO [main] ehcache.EhCacheManagerFactoryBean.[] 2014-07-01 17:55:21,685 - Shutting down EHCache CacheManager
 INFO [main] context.ContextLoader.[] 2014-07-22 14:48:27,702 - Root WebApplicationContext: initialization started
 INFO [main] support.XmlWebApplicationContext.[] 2014-07-22 14:48:27,748 - Refreshing Root WebApplicationContext: startup date [Tue Jul 22 14:48:27 CEST 2014]; root of context hierarchy
 INFO [main] xml.XmlBeanDefinitionReader.[] 2014-07-22 14:48:27,781 - Loading XML bean definitions from ServletContext resource [/WEB-INF/context/applicationContext.xml]
 INFO [main] config.PropertyPlaceholderConfigurer.[] 2014-07-22 14:48:27,948 - Loading properties file from class path resource [configuration.properties]
 INFO [main] support.DefaultListableBeanFactory.[] 2014-07-22 14:48:27,975 - Pre-instantiating singletons in org.springframework.beans.factory.support.DefaultListableBeanFactory@1915f5f0: defining beans [org.springframework.context.annotation.internalConfigurationAnnotationProcessor,org.springframework.context.annotation.internalAutowiredAnnotationProcessor,org.springframework.context.annotation.internalRequiredAnnotationProcessor,org.springframework.context.annotation.internalCommonAnnotationProcessor,usernameFinder,propertyConfigurer,messageSource,cacheManager,notificationResponseCache,jspViewResolver,xmlViewResolver,defaultExceptionHandlerTemplate,classLoaderResourceNotificationService,ClassLoaderResourceNotificationService.responseCache,romeNotificationService,RomeNotificationService.feedCache,restfulJsonNotificationService,httpConnectionManager,httpClient,portletEventNotificationService,PortletEventNotificationService.responseCache,demoNotifications,demoEmergencyAlerts,org.springframework.context.annotation.ConfigurationClassPostProcessor.importAwareProcessor]; root of factory hierarchy
 INFO [main] ehcache.EhCacheManagerFactoryBean.[] 2014-07-22 14:48:27,986 - Initializing EHCache CacheManager
 INFO [main] xml.XmlBeanDefinitionReader.[] 2014-07-22 14:48:28,116 - Loading XML bean definitions from ServletContext resource [/WEB-INF/views.xml]
 INFO [main] support.GenericWebApplicationContext.[] 2014-07-22 14:48:28,131 - Refreshing org.springframework.web.context.support.GenericWebApplicationContext@4c468340: startup date [Tue Jul 22 14:48:28 CEST 2014]; parent: Root WebApplicationContext
 INFO [main] support.DefaultListableBeanFactory.[] 2014-07-22 14:48:28,135 - Pre-instantiating singletons in org.springframework.beans.factory.support.DefaultListableBeanFactory@42f236c1: defining beans [org.springframework.context.annotation.internalConfigurationAnnotationProcessor,org.springframework.context.annotation.internalAutowiredAnnotationProcessor,org.springframework.context.annotation.internalRequiredAnnotationProcessor,org.springframework.context.annotation.internalCommonAnnotationProcessor,json,org.springframework.context.annotation.ConfigurationClassPostProcessor.importAwareProcessor]; parent: org.springframework.beans.factory.support.DefaultListableBeanFactory@1915f5f0
 INFO [main] context.ContextLoader.[] 2014-07-22 14:48:28,402 - Root WebApplicationContext: initialization completed in 699 ms
 INFO [net.sf.ehcache.CacheManager@2f7ac89] util.UpdateChecker.[] 2014-07-22 14:48:29,425 - This is the latest GA release.
 INFO [net.sf.ehcache.CacheManager@2f7ac89] util.UpdateChecker.[] 2014-07-22 14:48:29,429 - New update(s) found: 2.6.5 [http://www.terracotta.org/confluence/display/release/Release+Notes+Ehcache+Core+2.6]. Please check http://ehcache.org for the latest version.
 INFO [main] context.ContextLoader.[] 2014-07-22 14:51:56,897 - Root WebApplicationContext: initialization started
 INFO [main] support.XmlWebApplicationContext.[] 2014-07-22 14:51:56,945 - Refreshing Root WebApplicationContext: startup date [Tue Jul 22 14:51:56 CEST 2014]; root of context hierarchy
 INFO [main] xml.XmlBeanDefinitionReader.[] 2014-07-22 14:51:56,979 - Loading XML bean definitions from ServletContext resource [/WEB-INF/context/applicationContext.xml]
 INFO [main] config.PropertyPlaceholderConfigurer.[] 2014-07-22 14:51:57,154 - Loading properties file from class path resource [configuration.properties]
 INFO [main] support.DefaultListableBeanFactory.[] 2014-07-22 14:51:57,181 - Pre-instantiating singletons in org.springframework.beans.factory.support.DefaultListableBeanFactory@497cbf91: defining beans [org.springframework.context.annotation.internalConfigurationAnnotationProcessor,org.springframework.context.annotation.internalAutowiredAnnotationProcessor,org.springframework.context.annotation.internalRequiredAnnotationProcessor,org.springframework.context.annotation.internalCommonAnnotationProcessor,usernameFinder,propertyConfigurer,messageSource,cacheManager,notificationResponseCache,jspViewResolver,xmlViewResolver,defaultExceptionHandlerTemplate,classLoaderResourceNotificationService,ClassLoaderResourceNotificationService.responseCache,romeNotificationService,RomeNotificationService.feedCache,restfulJsonNotificationService,httpConnectionManager,httpClient,portletEventNotificationService,PortletEventNotificationService.responseCache,demoNotifications,demoEmergencyAlerts,org.springframework.context.annotation.ConfigurationClassPostProcessor.importAwareProcessor]; root of factory hierarchy
 INFO [main] ehcache.EhCacheManagerFactoryBean.[] 2014-07-22 14:51:57,191 - Initializing EHCache CacheManager
 INFO [main] xml.XmlBeanDefinitionReader.[] 2014-07-22 14:51:57,316 - Loading XML bean definitions from ServletContext resource [/WEB-INF/views.xml]
 INFO [main] support.GenericWebApplicationContext.[] 2014-07-22 14:51:57,329 - Refreshing org.springframework.web.context.support.GenericWebApplicationContext@78f37e47: startup date [Tue Jul 22 14:51:57 CEST 2014]; parent: Root WebApplicationContext
 INFO [main] support.DefaultListableBeanFactory.[] 2014-07-22 14:51:57,333 - Pre-instantiating singletons in org.springframework.beans.factory.support.DefaultListableBeanFactory@327949ef: defining beans [org.springframework.context.annotation.internalConfigurationAnnotationProcessor,org.springframework.context.annotation.internalAutowiredAnnotationProcessor,org.springframework.context.annotation.internalRequiredAnnotationProcessor,org.springframework.context.annotation.internalCommonAnnotationProcessor,json,org.springframework.context.annotation.ConfigurationClassPostProcessor.importAwareProcessor]; parent: org.springframework.beans.factory.support.DefaultListableBeanFactory@497cbf91
 INFO [main] context.ContextLoader.[] 2014-07-22 14:51:57,586 - Root WebApplicationContext: initialization completed in 688 ms
 INFO [net.sf.ehcache.CacheManager@8ba5de5] util.UpdateChecker.[] 2014-07-22 14:51:58,638 - This is the latest GA release.
 INFO [net.sf.ehcache.CacheManager@8ba5de5] util.UpdateChecker.[] 2014-07-22 14:51:58,639 - New update(s) found: 2.6.5 [http://www.terracotta.org/confluence/display/release/Release+Notes+Ehcache+Core+2.6]. Please check http://ehcache.org for the latest version.
 INFO [main] context.ContextLoader.[] 2014-07-22 14:58:15,841 - Root WebApplicationContext: initialization started
 INFO [main] support.XmlWebApplicationContext.[] 2014-07-22 14:58:15,889 - Refreshing Root WebApplicationContext: startup date [Tue Jul 22 14:58:15 CEST 2014]; root of context hierarchy
 INFO [main] xml.XmlBeanDefinitionReader.[] 2014-07-22 14:58:15,923 - Loading XML bean definitions from ServletContext resource [/WEB-INF/context/applicationContext.xml]
 INFO [main] config.PropertyPlaceholderConfigurer.[] 2014-07-22 14:58:16,099 - Loading properties file from class path resource [configuration.properties]
 INFO [main] support.DefaultListableBeanFactory.[] 2014-07-22 14:58:16,126 - Pre-instantiating singletons in org.springframework.beans.factory.support.DefaultListableBeanFactory@2eb7c7da: defining beans [org.springframework.context.annotation.internalConfigurationAnnotationProcessor,org.springframework.context.annotation.internalAutowiredAnnotationProcessor,org.springframework.context.annotation.internalRequiredAnnotationProcessor,org.springframework.context.annotation.internalCommonAnnotationProcessor,usernameFinder,propertyConfigurer,messageSource,cacheManager,notificationResponseCache,jspViewResolver,xmlViewResolver,defaultExceptionHandlerTemplate,classLoaderResourceNotificationService,ClassLoaderResourceNotificationService.responseCache,romeNotificationService,RomeNotificationService.feedCache,restfulJsonNotificationService,httpConnectionManager,httpClient,portletEventNotificationService,PortletEventNotificationService.responseCache,demoNotifications,demoEmergencyAlerts,org.springframework.context.annotation.ConfigurationClassPostProcessor.importAwareProcessor]; root of factory hierarchy
 INFO [main] ehcache.EhCacheManagerFactoryBean.[] 2014-07-22 14:58:16,136 - Initializing EHCache CacheManager
 INFO [main] xml.XmlBeanDefinitionReader.[] 2014-07-22 14:58:16,264 - Loading XML bean definitions from ServletContext resource [/WEB-INF/views.xml]
 INFO [main] support.GenericWebApplicationContext.[] 2014-07-22 14:58:16,278 - Refreshing org.springframework.web.context.support.GenericWebApplicationContext@1718d569: startup date [Tue Jul 22 14:58:16 CEST 2014]; parent: Root WebApplicationContext
 INFO [main] support.DefaultListableBeanFactory.[] 2014-07-22 14:58:16,282 - Pre-instantiating singletons in org.springframework.beans.factory.support.DefaultListableBeanFactory@435c6342: defining beans [org.springframework.context.annotation.internalConfigurationAnnotationProcessor,org.springframework.context.annotation.internalAutowiredAnnotationProcessor,org.springframework.context.annotation.internalRequiredAnnotationProcessor,org.springframework.context.annotation.internalCommonAnnotationProcessor,json,org.springframework.context.annotation.ConfigurationClassPostProcessor.importAwareProcessor]; parent: org.springframework.beans.factory.support.DefaultListableBeanFactory@2eb7c7da
 INFO [main] context.ContextLoader.[] 2014-07-22 14:58:16,565 - Root WebApplicationContext: initialization completed in 723 ms
 INFO [net.sf.ehcache.CacheManager@3f4c2deb] util.UpdateChecker.[] 2014-07-22 14:58:17,579 - This is the latest GA release.
 INFO [net.sf.ehcache.CacheManager@3f4c2deb] util.UpdateChecker.[] 2014-07-22 14:58:17,580 - New update(s) found: 2.6.5 [http://www.terracotta.org/confluence/display/release/Release+Notes+Ehcache+Core+2.6]. Please check http://ehcache.org for the latest version.
 INFO [main] context.ContextLoader.[] 2014-07-22 15:06:34,316 - Root WebApplicationContext: initialization started
 INFO [main] support.XmlWebApplicationContext.[] 2014-07-22 15:06:34,365 - Refreshing Root WebApplicationContext: startup date [Tue Jul 22 15:06:34 CEST 2014]; root of context hierarchy
 INFO [main] xml.XmlBeanDefinitionReader.[] 2014-07-22 15:06:34,400 - Loading XML bean definitions from ServletContext resource [/WEB-INF/context/applicationContext.xml]
 INFO [main] config.PropertyPlaceholderConfigurer.[] 2014-07-22 15:06:34,579 - Loading properties file from class path resource [configuration.properties]
 INFO [main] support.DefaultListableBeanFactory.[] 2014-07-22 15:06:34,607 - Pre-instantiating singletons in org.springframework.beans.factory.support.DefaultListableBeanFactory@54abb1fa: defining beans [org.springframework.context.annotation.internalConfigurationAnnotationProcessor,org.springframework.context.annotation.internalAutowiredAnnotationProcessor,org.springframework.context.annotation.internalRequiredAnnotationProcessor,org.springframework.context.annotation.internalCommonAnnotationProcessor,usernameFinder,propertyConfigurer,messageSource,cacheManager,notificationResponseCache,jspViewResolver,xmlViewResolver,defaultExceptionHandlerTemplate,classLoaderResourceNotificationService,ClassLoaderResourceNotificationService.responseCache,romeNotificationService,RomeNotificationService.feedCache,restfulJsonNotificationService,httpConnectionManager,httpClient,portletEventNotificationService,PortletEventNotificationService.responseCache,demoNotifications,demoEmergencyAlerts,org.springframework.context.annotation.ConfigurationClassPostProcessor.importAwareProcessor]; root of factory hierarchy
 INFO [main] ehcache.EhCacheManagerFactoryBean.[] 2014-07-22 15:06:34,618 - Initializing EHCache CacheManager
 INFO [main] xml.XmlBeanDefinitionReader.[] 2014-07-22 15:06:34,748 - Loading XML bean definitions from ServletContext resource [/WEB-INF/views.xml]
 INFO [main] support.GenericWebApplicationContext.[] 2014-07-22 15:06:34,764 - Refreshing org.springframework.web.context.support.GenericWebApplicationContext@578a74ad: startup date [Tue Jul 22 15:06:34 CEST 2014]; parent: Root WebApplicationContext
 INFO [main] support.DefaultListableBeanFactory.[] 2014-07-22 15:06:34,768 - Pre-instantiating singletons in org.springframework.beans.factory.support.DefaultListableBeanFactory@7a7eaf04: defining beans [org.springframework.context.annotation.internalConfigurationAnnotationProcessor,org.springframework.context.annotation.internalAutowiredAnnotationProcessor,org.springframework.context.annotation.internalRequiredAnnotationProcessor,org.springframework.context.annotation.internalCommonAnnotationProcessor,json,org.springframework.context.annotation.ConfigurationClassPostProcessor.importAwareProcessor]; parent: org.springframework.beans.factory.support.DefaultListableBeanFactory@54abb1fa
 INFO [main] context.ContextLoader.[] 2014-07-22 15:06:35,034 - Root WebApplicationContext: initialization completed in 716 ms
 INFO [net.sf.ehcache.CacheManager@73e3ee7a] util.UpdateChecker.[] 2014-07-22 15:06:36,063 - This is the latest GA release.
 INFO [net.sf.ehcache.CacheManager@73e3ee7a] util.UpdateChecker.[] 2014-07-22 15:06:36,065 - New update(s) found: 2.6.5 [http://www.terracotta.org/confluence/display/release/Release+Notes+Ehcache+Core+2.6]. Please check http://ehcache.org for the latest version.
 INFO [main] context.ContextLoader.[] 2014-07-22 15:08:43,809 - Root WebApplicationContext: initialization started
 INFO [main] support.XmlWebApplicationContext.[] 2014-07-22 15:08:43,855 - Refreshing Root WebApplicationContext: startup date [Tue Jul 22 15:08:43 CEST 2014]; root of context hierarchy
 INFO [main] xml.XmlBeanDefinitionReader.[] 2014-07-22 15:08:43,891 - Loading XML bean definitions from ServletContext resource [/WEB-INF/context/applicationContext.xml]
 INFO [main] config.PropertyPlaceholderConfigurer.[] 2014-07-22 15:08:44,066 - Loading properties file from class path resource [configuration.properties]
 INFO [main] support.DefaultListableBeanFactory.[] 2014-07-22 15:08:44,092 - Pre-instantiating singletons in org.springframework.beans.factory.support.DefaultListableBeanFactory@5ace1a34: defining beans [org.springframework.context.annotation.internalConfigurationAnnotationProcessor,org.springframework.context.annotation.internalAutowiredAnnotationProcessor,org.springframework.context.annotation.internalRequiredAnnotationProcessor,org.springframework.context.annotation.internalCommonAnnotationProcessor,usernameFinder,propertyConfigurer,messageSource,cacheManager,notificationResponseCache,jspViewResolver,xmlViewResolver,defaultExceptionHandlerTemplate,classLoaderResourceNotificationService,ClassLoaderResourceNotificationService.responseCache,romeNotificationService,RomeNotificationService.feedCache,restfulJsonNotificationService,httpConnectionManager,httpClient,portletEventNotificationService,PortletEventNotificationService.responseCache,demoNotifications,demoEmergencyAlerts,org.springframework.context.annotation.ConfigurationClassPostProcessor.importAwareProcessor]; root of factory hierarchy
 INFO [main] ehcache.EhCacheManagerFactoryBean.[] 2014-07-22 15:08:44,102 - Initializing EHCache CacheManager
 INFO [main] xml.XmlBeanDefinitionReader.[] 2014-07-22 15:08:44,228 - Loading XML bean definitions from ServletContext resource [/WEB-INF/views.xml]
 INFO [main] support.GenericWebApplicationContext.[] 2014-07-22 15:08:44,242 - Refreshing org.springframework.web.context.support.GenericWebApplicationContext@44919850: startup date [Tue Jul 22 15:08:44 CEST 2014]; parent: Root WebApplicationContext
 INFO [main] support.DefaultListableBeanFactory.[] 2014-07-22 15:08:44,246 - Pre-instantiating singletons in org.springframework.beans.factory.support.DefaultListableBeanFactory@6b63d42f: defining beans [org.springframework.context.annotation.internalConfigurationAnnotationProcessor,org.springframework.context.annotation.internalAutowiredAnnotationProcessor,org.springframework.context.annotation.internalRequiredAnnotationProcessor,org.springframework.context.annotation.internalCommonAnnotationProcessor,json,org.springframework.context.annotation.ConfigurationClassPostProcessor.importAwareProcessor]; parent: org.springframework.beans.factory.support.DefaultListableBeanFactory@5ace1a34
 INFO [main] context.ContextLoader.[] 2014-07-22 15:08:44,502 - Root WebApplicationContext: initialization completed in 692 ms
 INFO [net.sf.ehcache.CacheManager@71365ca3] util.UpdateChecker.[] 2014-07-22 15:08:45,545 - This is the latest GA release.
 INFO [net.sf.ehcache.CacheManager@71365ca3] util.UpdateChecker.[] 2014-07-22 15:08:45,546 - New update(s) found: 2.6.5 [http://www.terracotta.org/confluence/display/release/Release+Notes+Ehcache+Core+2.6]. Please check http://ehcache.org for the latest version.
