INFO  [main] o.s.web.context.ContextLoader 2014-07-01 17:50:35,379 - Root WebApplicationContext: initialization started
INFO  [main] o.s.w.c.s.XmlWebApplicationContext 2014-07-01 17:50:35,398 - Refreshing org.springframework.web.context.support.XmlWebApplicationContext@56202141: display name [Root WebApplicationContext]; startup date [Tue Jul 01 17:50:35 CEST 2014]; root of context hierarchy
INFO  [main] o.s.b.f.xml.XmlBeanDefinitionReader 2014-07-01 17:50:35,427 - Loading XML bean definitions from ServletContext resource [/WEB-INF/context/viewContext.xml]
INFO  [main] o.s.b.f.xml.XmlBeanDefinitionReader 2014-07-01 17:50:35,449 - Loading XML bean definitions from ServletContext resource [/WEB-INF/context/applicationContext.xml]
INFO  [main] o.s.b.f.xml.XmlBeanDefinitionReader 2014-07-01 17:50:35,517 - Loading XML bean definitions from ServletContext resource [/WEB-INF/context/jmxContext.xml]
INFO  [main] o.s.b.f.xml.XmlBeanDefinitionReader 2014-07-01 17:50:35,527 - Loading XML bean definitions from ServletContext resource [/WEB-INF/context/overlay/overlayContext.xml]
INFO  [main] o.s.w.c.s.XmlWebApplicationContext 2014-07-01 17:50:35,533 - Bean factory for application context [org.springframework.web.context.support.XmlWebApplicationContext@56202141]: org.springframework.beans.factory.support.DefaultListableBeanFactory@4d30cb64
INFO  [main] o.s.b.f.s.DefaultListableBeanFactory 2014-07-01 17:50:36,351 - Pre-instantiating singletons in org.springframework.beans.factory.support.DefaultListableBeanFactory@4d30cb64: defining beans [org.springframework.web.servlet.view.XmlViewResolver#0,viewResolver,org.springframework.context.annotation.internalCommonAnnotationProcessor,org.springframework.context.annotation.internalAutowiredAnnotationProcessor,org.springframework.context.annotation.internalRequiredAnnotationProcessor,findCityController,ajaxResponseController,weatherServiceImpl,themeNameViewSelectorImpl,weatherViewController,weatherEditController,org.springframework.beans.factory.annotation.RequiredAnnotationBeanPostProcessor#0,cacheManager,weatherDataCache,weatherSearchCache,weatherDaoImpl,org.springframework.scripting.config.scriptFactoryPostProcessor,weatherParsingService,locationParsingService,messageSource,ajaxPortletSupportService,defaultExceptionHandlerTemplate,mbeanServer,org.springframework.beans.factory.config.MethodInvokingFactoryBean#0]; root of factory hierarchy
INFO  [main] o.s.b.f.xml.XmlBeanDefinitionReader 2014-07-01 17:50:36,360 - Loading XML bean definitions from ServletContext resource [/WEB-INF/views.xml]
INFO  [main] o.s.w.c.s.GenericWebApplicationContext 2014-07-01 17:50:36,367 - Refreshing org.springframework.web.context.support.GenericWebApplicationContext@55ab1ae6: display name [org.springframework.web.context.support.GenericWebApplicationContext@55ab1ae6]; startup date [Tue Jul 01 17:50:36 CEST 2014]; parent: org.springframework.web.context.support.XmlWebApplicationContext@56202141
INFO  [main] o.s.w.c.s.GenericWebApplicationContext 2014-07-01 17:50:36,367 - Bean factory for application context [org.springframework.web.context.support.GenericWebApplicationContext@55ab1ae6]: org.springframework.beans.factory.support.DefaultListableBeanFactory@1d4203af
INFO  [main] o.s.b.f.s.DefaultListableBeanFactory 2014-07-01 17:50:36,369 - Pre-instantiating singletons in org.springframework.beans.factory.support.DefaultListableBeanFactory@1d4203af: defining beans [jsonView]; parent: org.springframework.beans.factory.support.DefaultListableBeanFactory@4d30cb64
INFO  [main] o.s.c.e.EhCacheManagerFactoryBean 2014-07-01 17:50:36,428 - Initializing EHCache CacheManager
INFO  [main] o.s.web.context.ContextLoader 2014-07-01 17:50:36,835 - Root WebApplicationContext: initialization completed in 1454 ms
INFO  [main] o.s.web.servlet.DispatcherServlet 2014-07-01 17:50:36,849 - FrameworkServlet 'AjaxServlet': initialization started
INFO  [main] o.s.w.c.s.XmlWebApplicationContext 2014-07-01 17:50:36,850 - Refreshing org.springframework.web.context.support.XmlWebApplicationContext@3876a5a6: display name [WebApplicationContext for namespace 'AjaxServlet-servlet']; startup date [Tue Jul 01 17:50:36 CEST 2014]; parent: org.springframework.web.context.support.XmlWebApplicationContext@56202141
INFO  [main] o.s.b.f.xml.XmlBeanDefinitionReader 2014-07-01 17:50:36,850 - Loading XML bean definitions from ServletContext resource [/WEB-INF/context/servlet/ajax-servlet.xml]
INFO  [main] o.s.w.c.s.XmlWebApplicationContext 2014-07-01 17:50:36,859 - Bean factory for application context [org.springframework.web.context.support.XmlWebApplicationContext@3876a5a6]: org.springframework.beans.factory.support.DefaultListableBeanFactory@19a115c7
INFO  [main] o.s.b.f.s.DefaultListableBeanFactory 2014-07-01 17:50:36,860 - Pre-instantiating singletons in org.springframework.beans.factory.support.DefaultListableBeanFactory@19a115c7: defining beans [org.springframework.context.annotation.internalCommonAnnotationProcessor,org.springframework.context.annotation.internalAutowiredAnnotationProcessor,org.springframework.context.annotation.internalRequiredAnnotationProcessor,findCityController,ajaxResponseController]; parent: org.springframework.beans.factory.support.DefaultListableBeanFactory@4d30cb64
INFO  [main] o.s.web.servlet.DispatcherServlet 2014-07-01 17:50:36,921 - FrameworkServlet 'AjaxServlet': initialization completed in 72 ms
INFO  [main] o.s.w.c.s.XmlWebApplicationContext 2014-07-01 17:55:21,574 - Closing org.springframework.web.context.support.XmlWebApplicationContext@3876a5a6: display name [WebApplicationContext for namespace 'AjaxServlet-servlet']; startup date [Tue Jul 01 17:50:36 CEST 2014]; parent: org.springframework.web.context.support.XmlWebApplicationContext@56202141
INFO  [main] o.s.b.f.s.DefaultListableBeanFactory 2014-07-01 17:55:21,574 - Destroying singletons in org.springframework.beans.factory.support.DefaultListableBeanFactory@19a115c7: defining beans [org.springframework.context.annotation.internalCommonAnnotationProcessor,org.springframework.context.annotation.internalAutowiredAnnotationProcessor,org.springframework.context.annotation.internalRequiredAnnotationProcessor,findCityController,ajaxResponseController]; parent: org.springframework.beans.factory.support.DefaultListableBeanFactory@4d30cb64
INFO  [main] o.s.w.c.s.XmlWebApplicationContext 2014-07-01 17:55:21,575 - Closing org.springframework.web.context.support.XmlWebApplicationContext@56202141: display name [Root WebApplicationContext]; startup date [Tue Jul 01 17:50:35 CEST 2014]; root of context hierarchy
INFO  [main] o.s.b.f.s.DefaultListableBeanFactory 2014-07-01 17:55:21,575 - Destroying singletons in org.springframework.beans.factory.support.DefaultListableBeanFactory@4d30cb64: defining beans [org.springframework.web.servlet.view.XmlViewResolver#0,viewResolver,org.springframework.context.annotation.internalCommonAnnotationProcessor,org.springframework.context.annotation.internalAutowiredAnnotationProcessor,org.springframework.context.annotation.internalRequiredAnnotationProcessor,findCityController,ajaxResponseController,weatherServiceImpl,themeNameViewSelectorImpl,weatherViewController,weatherEditController,org.springframework.beans.factory.annotation.RequiredAnnotationBeanPostProcessor#0,cacheManager,weatherDataCache,weatherSearchCache,weatherDaoImpl,org.springframework.scripting.config.scriptFactoryPostProcessor,weatherParsingService,locationParsingService,messageSource,ajaxPortletSupportService,defaultExceptionHandlerTemplate,mbeanServer,org.springframework.beans.factory.config.MethodInvokingFactoryBean#0]; root of factory hierarchy
INFO  [main] o.s.c.e.EhCacheManagerFactoryBean 2014-07-01 17:55:21,576 - Shutting down EHCache CacheManager
INFO  [main] o.s.w.c.s.GenericWebApplicationContext 2014-07-01 17:55:21,577 - Closing org.springframework.web.context.support.GenericWebApplicationContext@55ab1ae6: display name [org.springframework.web.context.support.GenericWebApplicationContext@55ab1ae6]; startup date [Tue Jul 01 17:50:36 CEST 2014]; parent: org.springframework.web.context.support.XmlWebApplicationContext@56202141
INFO  [main] o.s.b.f.s.DefaultListableBeanFactory 2014-07-01 17:55:21,577 - Destroying singletons in org.springframework.beans.factory.support.DefaultListableBeanFactory@1d4203af: defining beans [jsonView]; parent: org.springframework.beans.factory.support.DefaultListableBeanFactory@4d30cb64
INFO  [main] o.s.b.f.s.DefaultListableBeanFactory 2014-07-01 17:55:21,577 - Destroying singletons in org.springframework.beans.factory.support.DefaultListableBeanFactory@5dfa5c30: defining beans [scriptFactory.weatherParsingService,scriptedObject.weatherParsingService,scriptFactory.locationParsingService,scriptedObject.locationParsingService]; parent: org.springframework.beans.factory.support.DefaultListableBeanFactory@4d30cb64
INFO  [main] o.s.web.context.ContextLoader 2014-07-22 14:48:23,853 - Root WebApplicationContext: initialization started
INFO  [main] o.s.w.c.s.XmlWebApplicationContext 2014-07-22 14:48:23,873 - Refreshing org.springframework.web.context.support.XmlWebApplicationContext@1a7e1727: display name [Root WebApplicationContext]; startup date [Tue Jul 22 14:48:23 CEST 2014]; root of context hierarchy
INFO  [main] o.s.b.f.xml.XmlBeanDefinitionReader 2014-07-22 14:48:23,904 - Loading XML bean definitions from ServletContext resource [/WEB-INF/context/viewContext.xml]
INFO  [main] o.s.b.f.xml.XmlBeanDefinitionReader 2014-07-22 14:48:23,933 - Loading XML bean definitions from ServletContext resource [/WEB-INF/context/applicationContext.xml]
INFO  [main] o.s.b.f.xml.XmlBeanDefinitionReader 2014-07-22 14:48:24,024 - Loading XML bean definitions from ServletContext resource [/WEB-INF/context/jmxContext.xml]
INFO  [main] o.s.b.f.xml.XmlBeanDefinitionReader 2014-07-22 14:48:24,042 - Loading XML bean definitions from ServletContext resource [/WEB-INF/context/overlay/overlayContext.xml]
INFO  [main] o.s.w.c.s.XmlWebApplicationContext 2014-07-22 14:48:24,052 - Bean factory for application context [org.springframework.web.context.support.XmlWebApplicationContext@1a7e1727]: org.springframework.beans.factory.support.DefaultListableBeanFactory@2a8f54a0
INFO  [main] o.s.b.f.s.DefaultListableBeanFactory 2014-07-22 14:48:24,431 - Pre-instantiating singletons in org.springframework.beans.factory.support.DefaultListableBeanFactory@2a8f54a0: defining beans [org.springframework.web.servlet.view.XmlViewResolver#0,viewResolver,org.springframework.context.annotation.internalCommonAnnotationProcessor,org.springframework.context.annotation.internalAutowiredAnnotationProcessor,org.springframework.context.annotation.internalRequiredAnnotationProcessor,findCityController,ajaxResponseController,weatherServiceImpl,themeNameViewSelectorImpl,weatherViewController,weatherEditController,org.springframework.beans.factory.annotation.RequiredAnnotationBeanPostProcessor#0,cacheManager,weatherDataCache,weatherSearchCache,weatherDaoImpl,org.springframework.scripting.config.scriptFactoryPostProcessor,weatherParsingService,locationParsingService,messageSource,ajaxPortletSupportService,defaultExceptionHandlerTemplate,mbeanServer,org.springframework.beans.factory.config.MethodInvokingFactoryBean#0]; root of factory hierarchy
INFO  [main] o.s.b.f.xml.XmlBeanDefinitionReader 2014-07-22 14:48:24,442 - Loading XML bean definitions from ServletContext resource [/WEB-INF/views.xml]
INFO  [main] o.s.w.c.s.GenericWebApplicationContext 2014-07-22 14:48:24,452 - Refreshing org.springframework.web.context.support.GenericWebApplicationContext@77ca26e7: display name [org.springframework.web.context.support.GenericWebApplicationContext@77ca26e7]; startup date [Tue Jul 22 14:48:24 CEST 2014]; parent: org.springframework.web.context.support.XmlWebApplicationContext@1a7e1727
INFO  [main] o.s.w.c.s.GenericWebApplicationContext 2014-07-22 14:48:24,452 - Bean factory for application context [org.springframework.web.context.support.GenericWebApplicationContext@77ca26e7]: org.springframework.beans.factory.support.DefaultListableBeanFactory@149d4f38
INFO  [main] o.s.b.f.s.DefaultListableBeanFactory 2014-07-22 14:48:24,454 - Pre-instantiating singletons in org.springframework.beans.factory.support.DefaultListableBeanFactory@149d4f38: defining beans [jsonView]; parent: org.springframework.beans.factory.support.DefaultListableBeanFactory@2a8f54a0
INFO  [main] o.s.c.e.EhCacheManagerFactoryBean 2014-07-22 14:48:24,520 - Initializing EHCache CacheManager
INFO  [main] o.s.web.context.ContextLoader 2014-07-22 14:48:24,974 - Root WebApplicationContext: initialization completed in 1119 ms
INFO  [main] o.s.web.servlet.DispatcherServlet 2014-07-22 14:48:24,989 - FrameworkServlet 'AjaxServlet': initialization started
INFO  [main] o.s.w.c.s.XmlWebApplicationContext 2014-07-22 14:48:24,990 - Refreshing org.springframework.web.context.support.XmlWebApplicationContext@66c9a76c: display name [WebApplicationContext for namespace 'AjaxServlet-servlet']; startup date [Tue Jul 22 14:48:24 CEST 2014]; parent: org.springframework.web.context.support.XmlWebApplicationContext@1a7e1727
INFO  [main] o.s.b.f.xml.XmlBeanDefinitionReader 2014-07-22 14:48:24,990 - Loading XML bean definitions from ServletContext resource [/WEB-INF/context/servlet/ajax-servlet.xml]
INFO  [main] o.s.w.c.s.XmlWebApplicationContext 2014-07-22 14:48:25,005 - Bean factory for application context [org.springframework.web.context.support.XmlWebApplicationContext@66c9a76c]: org.springframework.beans.factory.support.DefaultListableBeanFactory@6f9d03cd
INFO  [main] o.s.b.f.s.DefaultListableBeanFactory 2014-07-22 14:48:25,006 - Pre-instantiating singletons in org.springframework.beans.factory.support.DefaultListableBeanFactory@6f9d03cd: defining beans [org.springframework.context.annotation.internalCommonAnnotationProcessor,org.springframework.context.annotation.internalAutowiredAnnotationProcessor,org.springframework.context.annotation.internalRequiredAnnotationProcessor,findCityController,ajaxResponseController]; parent: org.springframework.beans.factory.support.DefaultListableBeanFactory@2a8f54a0
INFO  [main] o.s.web.servlet.DispatcherServlet 2014-07-22 14:48:25,069 - FrameworkServlet 'AjaxServlet': initialization completed in 80 ms
INFO  [main] o.s.web.context.ContextLoader 2014-07-22 14:51:53,345 - Root WebApplicationContext: initialization started
INFO  [main] o.s.w.c.s.XmlWebApplicationContext 2014-07-22 14:51:53,370 - Refreshing org.springframework.web.context.support.XmlWebApplicationContext@c7916cd: display name [Root WebApplicationContext]; startup date [Tue Jul 22 14:51:53 CEST 2014]; root of context hierarchy
INFO  [main] o.s.b.f.xml.XmlBeanDefinitionReader 2014-07-22 14:51:53,405 - Loading XML bean definitions from ServletContext resource [/WEB-INF/context/viewContext.xml]
INFO  [main] o.s.b.f.xml.XmlBeanDefinitionReader 2014-07-22 14:51:53,440 - Loading XML bean definitions from ServletContext resource [/WEB-INF/context/applicationContext.xml]
INFO  [main] o.s.b.f.xml.XmlBeanDefinitionReader 2014-07-22 14:51:53,543 - Loading XML bean definitions from ServletContext resource [/WEB-INF/context/jmxContext.xml]
INFO  [main] o.s.b.f.xml.XmlBeanDefinitionReader 2014-07-22 14:51:53,564 - Loading XML bean definitions from ServletContext resource [/WEB-INF/context/overlay/overlayContext.xml]
INFO  [main] o.s.w.c.s.XmlWebApplicationContext 2014-07-22 14:51:53,578 - Bean factory for application context [org.springframework.web.context.support.XmlWebApplicationContext@c7916cd]: org.springframework.beans.factory.support.DefaultListableBeanFactory@46a9246c
INFO  [main] o.s.b.f.s.DefaultListableBeanFactory 2014-07-22 14:51:54,018 - Pre-instantiating singletons in org.springframework.beans.factory.support.DefaultListableBeanFactory@46a9246c: defining beans [org.springframework.web.servlet.view.XmlViewResolver#0,viewResolver,org.springframework.context.annotation.internalCommonAnnotationProcessor,org.springframework.context.annotation.internalAutowiredAnnotationProcessor,org.springframework.context.annotation.internalRequiredAnnotationProcessor,findCityController,ajaxResponseController,weatherServiceImpl,themeNameViewSelectorImpl,weatherViewController,weatherEditController,org.springframework.beans.factory.annotation.RequiredAnnotationBeanPostProcessor#0,cacheManager,weatherDataCache,weatherSearchCache,weatherDaoImpl,org.springframework.scripting.config.scriptFactoryPostProcessor,weatherParsingService,locationParsingService,messageSource,ajaxPortletSupportService,defaultExceptionHandlerTemplate,mbeanServer,org.springframework.beans.factory.config.MethodInvokingFactoryBean#0]; root of factory hierarchy
INFO  [main] o.s.b.f.xml.XmlBeanDefinitionReader 2014-07-22 14:51:54,029 - Loading XML bean definitions from ServletContext resource [/WEB-INF/views.xml]
INFO  [main] o.s.w.c.s.GenericWebApplicationContext 2014-07-22 14:51:54,042 - Refreshing org.springframework.web.context.support.GenericWebApplicationContext@10a18c8d: display name [org.springframework.web.context.support.GenericWebApplicationContext@10a18c8d]; startup date [Tue Jul 22 14:51:54 CEST 2014]; parent: org.springframework.web.context.support.XmlWebApplicationContext@c7916cd
INFO  [main] o.s.w.c.s.GenericWebApplicationContext 2014-07-22 14:51:54,042 - Bean factory for application context [org.springframework.web.context.support.GenericWebApplicationContext@10a18c8d]: org.springframework.beans.factory.support.DefaultListableBeanFactory@7a56e8dd
INFO  [main] o.s.b.f.s.DefaultListableBeanFactory 2014-07-22 14:51:54,044 - Pre-instantiating singletons in org.springframework.beans.factory.support.DefaultListableBeanFactory@7a56e8dd: defining beans [jsonView]; parent: org.springframework.beans.factory.support.DefaultListableBeanFactory@46a9246c
INFO  [main] o.s.c.e.EhCacheManagerFactoryBean 2014-07-22 14:51:54,120 - Initializing EHCache CacheManager
INFO  [main] o.s.web.context.ContextLoader 2014-07-22 14:51:54,597 - Root WebApplicationContext: initialization completed in 1250 ms
INFO  [main] o.s.web.servlet.DispatcherServlet 2014-07-22 14:51:54,614 - FrameworkServlet 'AjaxServlet': initialization started
INFO  [main] o.s.w.c.s.XmlWebApplicationContext 2014-07-22 14:51:54,615 - Refreshing org.springframework.web.context.support.XmlWebApplicationContext@124a9bf0: display name [WebApplicationContext for namespace 'AjaxServlet-servlet']; startup date [Tue Jul 22 14:51:54 CEST 2014]; parent: org.springframework.web.context.support.XmlWebApplicationContext@c7916cd
INFO  [main] o.s.b.f.xml.XmlBeanDefinitionReader 2014-07-22 14:51:54,615 - Loading XML bean definitions from ServletContext resource [/WEB-INF/context/servlet/ajax-servlet.xml]
INFO  [main] o.s.w.c.s.XmlWebApplicationContext 2014-07-22 14:51:54,630 - Bean factory for application context [org.springframework.web.context.support.XmlWebApplicationContext@124a9bf0]: org.springframework.beans.factory.support.DefaultListableBeanFactory@570faafd
INFO  [main] o.s.b.f.s.DefaultListableBeanFactory 2014-07-22 14:51:54,632 - Pre-instantiating singletons in org.springframework.beans.factory.support.DefaultListableBeanFactory@570faafd: defining beans [org.springframework.context.annotation.internalCommonAnnotationProcessor,org.springframework.context.annotation.internalAutowiredAnnotationProcessor,org.springframework.context.annotation.internalRequiredAnnotationProcessor,findCityController,ajaxResponseController]; parent: org.springframework.beans.factory.support.DefaultListableBeanFactory@46a9246c
INFO  [main] o.s.web.servlet.DispatcherServlet 2014-07-22 14:51:54,701 - FrameworkServlet 'AjaxServlet': initialization completed in 87 ms
INFO  [main] o.s.web.context.ContextLoader 2014-07-22 14:58:12,365 - Root WebApplicationContext: initialization started
INFO  [main] o.s.w.c.s.XmlWebApplicationContext 2014-07-22 14:58:12,386 - Refreshing org.springframework.web.context.support.XmlWebApplicationContext@5dc61b: display name [Root WebApplicationContext]; startup date [Tue Jul 22 14:58:12 CEST 2014]; root of context hierarchy
INFO  [main] o.s.b.f.xml.XmlBeanDefinitionReader 2014-07-22 14:58:12,419 - Loading XML bean definitions from ServletContext resource [/WEB-INF/context/viewContext.xml]
INFO  [main] o.s.b.f.xml.XmlBeanDefinitionReader 2014-07-22 14:58:12,448 - Loading XML bean definitions from ServletContext resource [/WEB-INF/context/applicationContext.xml]
INFO  [main] o.s.b.f.xml.XmlBeanDefinitionReader 2014-07-22 14:58:12,544 - Loading XML bean definitions from ServletContext resource [/WEB-INF/context/jmxContext.xml]
INFO  [main] o.s.b.f.xml.XmlBeanDefinitionReader 2014-07-22 14:58:12,562 - Loading XML bean definitions from ServletContext resource [/WEB-INF/context/overlay/overlayContext.xml]
INFO  [main] o.s.w.c.s.XmlWebApplicationContext 2014-07-22 14:58:12,573 - Bean factory for application context [org.springframework.web.context.support.XmlWebApplicationContext@5dc61b]: org.springframework.beans.factory.support.DefaultListableBeanFactory@418fc854
INFO  [main] o.s.b.f.s.DefaultListableBeanFactory 2014-07-22 14:58:12,958 - Pre-instantiating singletons in org.springframework.beans.factory.support.DefaultListableBeanFactory@418fc854: defining beans [org.springframework.web.servlet.view.XmlViewResolver#0,viewResolver,org.springframework.context.annotation.internalCommonAnnotationProcessor,org.springframework.context.annotation.internalAutowiredAnnotationProcessor,org.springframework.context.annotation.internalRequiredAnnotationProcessor,findCityController,ajaxResponseController,weatherServiceImpl,themeNameViewSelectorImpl,weatherViewController,weatherEditController,org.springframework.beans.factory.annotation.RequiredAnnotationBeanPostProcessor#0,cacheManager,weatherDataCache,weatherSearchCache,weatherDaoImpl,org.springframework.scripting.config.scriptFactoryPostProcessor,weatherParsingService,locationParsingService,messageSource,ajaxPortletSupportService,defaultExceptionHandlerTemplate,mbeanServer,org.springframework.beans.factory.config.MethodInvokingFactoryBean#0]; root of factory hierarchy
INFO  [main] o.s.b.f.xml.XmlBeanDefinitionReader 2014-07-22 14:58:12,968 - Loading XML bean definitions from ServletContext resource [/WEB-INF/views.xml]
INFO  [main] o.s.w.c.s.GenericWebApplicationContext 2014-07-22 14:58:12,979 - Refreshing org.springframework.web.context.support.GenericWebApplicationContext@10a18c8d: display name [org.springframework.web.context.support.GenericWebApplicationContext@10a18c8d]; startup date [Tue Jul 22 14:58:12 CEST 2014]; parent: org.springframework.web.context.support.XmlWebApplicationContext@5dc61b
INFO  [main] o.s.w.c.s.GenericWebApplicationContext 2014-07-22 14:58:12,980 - Bean factory for application context [org.springframework.web.context.support.GenericWebApplicationContext@10a18c8d]: org.springframework.beans.factory.support.DefaultListableBeanFactory@7a56e8dd
INFO  [main] o.s.b.f.s.DefaultListableBeanFactory 2014-07-22 14:58:12,982 - Pre-instantiating singletons in org.springframework.beans.factory.support.DefaultListableBeanFactory@7a56e8dd: defining beans [jsonView]; parent: org.springframework.beans.factory.support.DefaultListableBeanFactory@418fc854
INFO  [main] o.s.c.e.EhCacheManagerFactoryBean 2014-07-22 14:58:13,050 - Initializing EHCache CacheManager
INFO  [main] o.s.web.context.ContextLoader 2014-07-22 14:58:13,488 - Root WebApplicationContext: initialization completed in 1121 ms
INFO  [main] o.s.web.servlet.DispatcherServlet 2014-07-22 14:58:13,504 - FrameworkServlet 'AjaxServlet': initialization started
INFO  [main] o.s.w.c.s.XmlWebApplicationContext 2014-07-22 14:58:13,505 - Refreshing org.springframework.web.context.support.XmlWebApplicationContext@124a9bf0: display name [WebApplicationContext for namespace 'AjaxServlet-servlet']; startup date [Tue Jul 22 14:58:13 CEST 2014]; parent: org.springframework.web.context.support.XmlWebApplicationContext@5dc61b
INFO  [main] o.s.b.f.xml.XmlBeanDefinitionReader 2014-07-22 14:58:13,505 - Loading XML bean definitions from ServletContext resource [/WEB-INF/context/servlet/ajax-servlet.xml]
INFO  [main] o.s.w.c.s.XmlWebApplicationContext 2014-07-22 14:58:13,520 - Bean factory for application context [org.springframework.web.context.support.XmlWebApplicationContext@124a9bf0]: org.springframework.beans.factory.support.DefaultListableBeanFactory@570faafd
INFO  [main] o.s.b.f.s.DefaultListableBeanFactory 2014-07-22 14:58:13,521 - Pre-instantiating singletons in org.springframework.beans.factory.support.DefaultListableBeanFactory@570faafd: defining beans [org.springframework.context.annotation.internalCommonAnnotationProcessor,org.springframework.context.annotation.internalAutowiredAnnotationProcessor,org.springframework.context.annotation.internalRequiredAnnotationProcessor,findCityController,ajaxResponseController]; parent: org.springframework.beans.factory.support.DefaultListableBeanFactory@418fc854
INFO  [main] o.s.web.servlet.DispatcherServlet 2014-07-22 14:58:13,592 - FrameworkServlet 'AjaxServlet': initialization completed in 88 ms
INFO  [main] o.s.web.context.ContextLoader 2014-07-22 15:06:30,821 - Root WebApplicationContext: initialization started
INFO  [main] o.s.w.c.s.XmlWebApplicationContext 2014-07-22 15:06:30,841 - Refreshing org.springframework.web.context.support.XmlWebApplicationContext@23edc6d5: display name [Root WebApplicationContext]; startup date [Tue Jul 22 15:06:30 CEST 2014]; root of context hierarchy
INFO  [main] o.s.b.f.xml.XmlBeanDefinitionReader 2014-07-22 15:06:30,874 - Loading XML bean definitions from ServletContext resource [/WEB-INF/context/viewContext.xml]
INFO  [main] o.s.b.f.xml.XmlBeanDefinitionReader 2014-07-22 15:06:30,905 - Loading XML bean definitions from ServletContext resource [/WEB-INF/context/applicationContext.xml]
INFO  [main] o.s.b.f.xml.XmlBeanDefinitionReader 2014-07-22 15:06:30,998 - Loading XML bean definitions from ServletContext resource [/WEB-INF/context/jmxContext.xml]
INFO  [main] o.s.b.f.xml.XmlBeanDefinitionReader 2014-07-22 15:06:31,015 - Loading XML bean definitions from ServletContext resource [/WEB-INF/context/overlay/overlayContext.xml]
INFO  [main] o.s.w.c.s.XmlWebApplicationContext 2014-07-22 15:06:31,026 - Bean factory for application context [org.springframework.web.context.support.XmlWebApplicationContext@23edc6d5]: org.springframework.beans.factory.support.DefaultListableBeanFactory@4870b01a
INFO  [main] o.s.b.f.s.DefaultListableBeanFactory 2014-07-22 15:06:31,381 - Pre-instantiating singletons in org.springframework.beans.factory.support.DefaultListableBeanFactory@4870b01a: defining beans [org.springframework.web.servlet.view.XmlViewResolver#0,viewResolver,org.springframework.context.annotation.internalCommonAnnotationProcessor,org.springframework.context.annotation.internalAutowiredAnnotationProcessor,org.springframework.context.annotation.internalRequiredAnnotationProcessor,findCityController,ajaxResponseController,weatherServiceImpl,themeNameViewSelectorImpl,weatherViewController,weatherEditController,org.springframework.beans.factory.annotation.RequiredAnnotationBeanPostProcessor#0,cacheManager,weatherDataCache,weatherSearchCache,weatherDaoImpl,org.springframework.scripting.config.scriptFactoryPostProcessor,weatherParsingService,locationParsingService,messageSource,ajaxPortletSupportService,defaultExceptionHandlerTemplate,mbeanServer,org.springframework.beans.factory.config.MethodInvokingFactoryBean#0]; root of factory hierarchy
INFO  [main] o.s.b.f.xml.XmlBeanDefinitionReader 2014-07-22 15:06:31,392 - Loading XML bean definitions from ServletContext resource [/WEB-INF/views.xml]
INFO  [main] o.s.w.c.s.GenericWebApplicationContext 2014-07-22 15:06:31,403 - Refreshing org.springframework.web.context.support.GenericWebApplicationContext@56dfdf22: display name [org.springframework.web.context.support.GenericWebApplicationContext@56dfdf22]; startup date [Tue Jul 22 15:06:31 CEST 2014]; parent: org.springframework.web.context.support.XmlWebApplicationContext@23edc6d5
INFO  [main] o.s.w.c.s.GenericWebApplicationContext 2014-07-22 15:06:31,403 - Bean factory for application context [org.springframework.web.context.support.GenericWebApplicationContext@56dfdf22]: org.springframework.beans.factory.support.DefaultListableBeanFactory@42a8a82a
INFO  [main] o.s.b.f.s.DefaultListableBeanFactory 2014-07-22 15:06:31,405 - Pre-instantiating singletons in org.springframework.beans.factory.support.DefaultListableBeanFactory@42a8a82a: defining beans [jsonView]; parent: org.springframework.beans.factory.support.DefaultListableBeanFactory@4870b01a
INFO  [main] o.s.c.e.EhCacheManagerFactoryBean 2014-07-22 15:06:31,474 - Initializing EHCache CacheManager
INFO  [main] o.s.web.context.ContextLoader 2014-07-22 15:06:31,914 - Root WebApplicationContext: initialization completed in 1091 ms
INFO  [main] o.s.web.servlet.DispatcherServlet 2014-07-22 15:06:31,930 - FrameworkServlet 'AjaxServlet': initialization started
INFO  [main] o.s.w.c.s.XmlWebApplicationContext 2014-07-22 15:06:31,930 - Refreshing org.springframework.web.context.support.XmlWebApplicationContext@3ff3ae45: display name [WebApplicationContext for namespace 'AjaxServlet-servlet']; startup date [Tue Jul 22 15:06:31 CEST 2014]; parent: org.springframework.web.context.support.XmlWebApplicationContext@23edc6d5
INFO  [main] o.s.b.f.xml.XmlBeanDefinitionReader 2014-07-22 15:06:31,931 - Loading XML bean definitions from ServletContext resource [/WEB-INF/context/servlet/ajax-servlet.xml]
INFO  [main] o.s.w.c.s.XmlWebApplicationContext 2014-07-22 15:06:31,950 - Bean factory for application context [org.springframework.web.context.support.XmlWebApplicationContext@3ff3ae45]: org.springframework.beans.factory.support.DefaultListableBeanFactory@73e242cc
INFO  [main] o.s.b.f.s.DefaultListableBeanFactory 2014-07-22 15:06:31,952 - Pre-instantiating singletons in org.springframework.beans.factory.support.DefaultListableBeanFactory@73e242cc: defining beans [org.springframework.context.annotation.internalCommonAnnotationProcessor,org.springframework.context.annotation.internalAutowiredAnnotationProcessor,org.springframework.context.annotation.internalRequiredAnnotationProcessor,findCityController,ajaxResponseController]; parent: org.springframework.beans.factory.support.DefaultListableBeanFactory@4870b01a
INFO  [main] o.s.web.servlet.DispatcherServlet 2014-07-22 15:06:32,024 - FrameworkServlet 'AjaxServlet': initialization completed in 94 ms
INFO  [main] o.s.web.context.ContextLoader 2014-07-22 15:08:40,342 - Root WebApplicationContext: initialization started
INFO  [main] o.s.w.c.s.XmlWebApplicationContext 2014-07-22 15:08:40,365 - Refreshing org.springframework.web.context.support.XmlWebApplicationContext@3cac4b73: display name [Root WebApplicationContext]; startup date [Tue Jul 22 15:08:40 CEST 2014]; root of context hierarchy
INFO  [main] o.s.b.f.xml.XmlBeanDefinitionReader 2014-07-22 15:08:40,400 - Loading XML bean definitions from ServletContext resource [/WEB-INF/context/viewContext.xml]
INFO  [main] o.s.b.f.xml.XmlBeanDefinitionReader 2014-07-22 15:08:40,433 - Loading XML bean definitions from ServletContext resource [/WEB-INF/context/applicationContext.xml]
INFO  [main] o.s.b.f.xml.XmlBeanDefinitionReader 2014-07-22 15:08:40,530 - Loading XML bean definitions from ServletContext resource [/WEB-INF/context/jmxContext.xml]
INFO  [main] o.s.b.f.xml.XmlBeanDefinitionReader 2014-07-22 15:08:40,549 - Loading XML bean definitions from ServletContext resource [/WEB-INF/context/overlay/overlayContext.xml]
INFO  [main] o.s.w.c.s.XmlWebApplicationContext 2014-07-22 15:08:40,561 - Bean factory for application context [org.springframework.web.context.support.XmlWebApplicationContext@3cac4b73]: org.springframework.beans.factory.support.DefaultListableBeanFactory@193f003f
INFO  [main] o.s.b.f.s.DefaultListableBeanFactory 2014-07-22 15:08:40,954 - Pre-instantiating singletons in org.springframework.beans.factory.support.DefaultListableBeanFactory@193f003f: defining beans [org.springframework.web.servlet.view.XmlViewResolver#0,viewResolver,org.springframework.context.annotation.internalCommonAnnotationProcessor,org.springframework.context.annotation.internalAutowiredAnnotationProcessor,org.springframework.context.annotation.internalRequiredAnnotationProcessor,findCityController,ajaxResponseController,weatherServiceImpl,themeNameViewSelectorImpl,weatherViewController,weatherEditController,org.springframework.beans.factory.annotation.RequiredAnnotationBeanPostProcessor#0,cacheManager,weatherDataCache,weatherSearchCache,weatherDaoImpl,org.springframework.scripting.config.scriptFactoryPostProcessor,weatherParsingService,locationParsingService,messageSource,ajaxPortletSupportService,defaultExceptionHandlerTemplate,mbeanServer,org.springframework.beans.factory.config.MethodInvokingFactoryBean#0]; root of factory hierarchy
INFO  [main] o.s.b.f.xml.XmlBeanDefinitionReader 2014-07-22 15:08:40,965 - Loading XML bean definitions from ServletContext resource [/WEB-INF/views.xml]
INFO  [main] o.s.w.c.s.GenericWebApplicationContext 2014-07-22 15:08:40,976 - Refreshing org.springframework.web.context.support.GenericWebApplicationContext@4ad81ae6: display name [org.springframework.web.context.support.GenericWebApplicationContext@4ad81ae6]; startup date [Tue Jul 22 15:08:40 CEST 2014]; parent: org.springframework.web.context.support.XmlWebApplicationContext@3cac4b73
INFO  [main] o.s.w.c.s.GenericWebApplicationContext 2014-07-22 15:08:40,976 - Bean factory for application context [org.springframework.web.context.support.GenericWebApplicationContext@4ad81ae6]: org.springframework.beans.factory.support.DefaultListableBeanFactory@5229aec6
INFO  [main] o.s.b.f.s.DefaultListableBeanFactory 2014-07-22 15:08:40,979 - Pre-instantiating singletons in org.springframework.beans.factory.support.DefaultListableBeanFactory@5229aec6: defining beans [jsonView]; parent: org.springframework.beans.factory.support.DefaultListableBeanFactory@193f003f
INFO  [main] o.s.c.e.EhCacheManagerFactoryBean 2014-07-22 15:08:41,047 - Initializing EHCache CacheManager
INFO  [main] o.s.web.context.ContextLoader 2014-07-22 15:08:41,486 - Root WebApplicationContext: initialization completed in 1141 ms
INFO  [main] o.s.web.servlet.DispatcherServlet 2014-07-22 15:08:41,502 - FrameworkServlet 'AjaxServlet': initialization started
INFO  [main] o.s.w.c.s.XmlWebApplicationContext 2014-07-22 15:08:41,503 - Refreshing org.springframework.web.context.support.XmlWebApplicationContext@3eb5805f: display name [WebApplicationContext for namespace 'AjaxServlet-servlet']; startup date [Tue Jul 22 15:08:41 CEST 2014]; parent: org.springframework.web.context.support.XmlWebApplicationContext@3cac4b73
INFO  [main] o.s.b.f.xml.XmlBeanDefinitionReader 2014-07-22 15:08:41,503 - Loading XML bean definitions from ServletContext resource [/WEB-INF/context/servlet/ajax-servlet.xml]
INFO  [main] o.s.w.c.s.XmlWebApplicationContext 2014-07-22 15:08:41,518 - Bean factory for application context [org.springframework.web.context.support.XmlWebApplicationContext@3eb5805f]: org.springframework.beans.factory.support.DefaultListableBeanFactory@1cd71e9a
INFO  [main] o.s.b.f.s.DefaultListableBeanFactory 2014-07-22 15:08:41,520 - Pre-instantiating singletons in org.springframework.beans.factory.support.DefaultListableBeanFactory@1cd71e9a: defining beans [org.springframework.context.annotation.internalCommonAnnotationProcessor,org.springframework.context.annotation.internalAutowiredAnnotationProcessor,org.springframework.context.annotation.internalRequiredAnnotationProcessor,findCityController,ajaxResponseController]; parent: org.springframework.beans.factory.support.DefaultListableBeanFactory@193f003f
INFO  [main] o.s.web.servlet.DispatcherServlet 2014-07-22 15:08:41,587 - FrameworkServlet 'AjaxServlet': initialization completed in 85 ms
